{"/Users/takahiko_tsunoda/work/dev/work_BI/frontend/playwright.config.ts": {"path":"/Users/takahiko_tsunoda/work/dev/work_BI/frontend/playwright.config.ts","all":true,"statementMap":{"0":{"start":{"line":1,"column":0},"end":{"line":1,"column":56}},"1":{"start":{"line":2,"column":0},"end":{"line":2,"column":0}},"2":{"start":{"line":3,"column":0},"end":{"line":3,"column":29}},"3":{"start":{"line":4,"column":0},"end":{"line":4,"column":19}},"4":{"start":{"line":5,"column":0},"end":{"line":5,"column":22}},"5":{"start":{"line":6,"column":0},"end":{"line":6,"column":31}},"6":{"start":{"line":7,"column":0},"end":{"line":7,"column":34}},"7":{"start":{"line":8,"column":0},"end":{"line":8,"column":42}},"8":{"start":{"line":9,"column":0},"end":{"line":9,"column":19}},"9":{"start":{"line":10,"column":0},"end":{"line":10,"column":8}},"10":{"start":{"line":11,"column":0},"end":{"line":11,"column":37}},"11":{"start":{"line":12,"column":0},"end":{"line":12,"column":28}},"12":{"start":{"line":13,"column":0},"end":{"line":13,"column":4}},"13":{"start":{"line":14,"column":0},"end":{"line":14,"column":13}},"14":{"start":{"line":15,"column":0},"end":{"line":15,"column":5}},"15":{"start":{"line":16,"column":0},"end":{"line":16,"column":23}},"16":{"start":{"line":17,"column":0},"end":{"line":17,"column":44}},"17":{"start":{"line":18,"column":0},"end":{"line":18,"column":6}},"18":{"start":{"line":19,"column":0},"end":{"line":19,"column":4}},"19":{"start":{"line":20,"column":0},"end":{"line":20,"column":14}},"20":{"start":{"line":21,"column":0},"end":{"line":21,"column":37}},"21":{"start":{"line":22,"column":0},"end":{"line":22,"column":33}},"22":{"start":{"line":23,"column":0},"end":{"line":23,"column":30}},"23":{"start":{"line":24,"column":0},"end":{"line":24,"column":24}},"24":{"start":{"line":25,"column":0},"end":{"line":25,"column":4}},"25":{"start":{"line":26,"column":0},"end":{"line":26,"column":2}}},"s":{"0":0,"1":0,"2":0,"3":0,"4":0,"5":0,"6":0,"7":0,"8":0,"9":0,"10":0,"11":0,"12":0,"13":0,"14":0,"15":0,"16":0,"17":0,"18":0,"19":0,"20":0,"21":0,"22":0,"23":0,"24":0,"25":0},"branchMap":{"0":{"type":"branch","line":1,"loc":{"start":{"line":1,"column":0},"end":{"line":26,"column":-96}},"locations":[{"start":{"line":1,"column":0},"end":{"line":26,"column":-96}}]}},"b":{"0":[0]},"fnMap":{"0":{"name":"(empty-report)","decl":{"start":{"line":1,"column":0},"end":{"line":26,"column":-96}},"loc":{"start":{"line":1,"column":0},"end":{"line":26,"column":-96}},"line":1}},"f":{"0":0}}
,"/Users/takahiko_tsunoda/work/dev/work_BI/frontend/postcss.config.js": {"path":"/Users/takahiko_tsunoda/work/dev/work_BI/frontend/postcss.config.js","all":true,"statementMap":{"0":{"start":{"line":1,"column":0},"end":{"line":1,"column":16}},"1":{"start":{"line":2,"column":0},"end":{"line":2,"column":12}},"2":{"start":{"line":3,"column":0},"end":{"line":3,"column":20}},"3":{"start":{"line":4,"column":0},"end":{"line":4,"column":21}},"4":{"start":{"line":5,"column":0},"end":{"line":5,"column":4}},"5":{"start":{"line":6,"column":0},"end":{"line":6,"column":1}}},"s":{"0":0,"1":0,"2":0,"3":0,"4":0,"5":0},"branchMap":{"0":{"type":"branch","line":1,"loc":{"start":{"line":1,"column":0},"end":{"line":6,"column":-11}},"locations":[{"start":{"line":1,"column":0},"end":{"line":6,"column":-11}}]}},"b":{"0":[0]},"fnMap":{"0":{"name":"(empty-report)","decl":{"start":{"line":1,"column":0},"end":{"line":6,"column":-11}},"loc":{"start":{"line":1,"column":0},"end":{"line":6,"column":-11}},"line":1}},"f":{"0":0}}
,"/Users/takahiko_tsunoda/work/dev/work_BI/frontend/tailwind.config.js": {"path":"/Users/takahiko_tsunoda/work/dev/work_BI/frontend/tailwind.config.js","all":true,"statementMap":{"0":{"start":{"line":1,"column":0},"end":{"line":1,"column":43}},"1":{"start":{"line":2,"column":0},"end":{"line":2,"column":16}},"2":{"start":{"line":3,"column":0},"end":{"line":3,"column":12}},"3":{"start":{"line":4,"column":0},"end":{"line":4,"column":19}},"4":{"start":{"line":5,"column":0},"end":{"line":5,"column":33}},"5":{"start":{"line":6,"column":0},"end":{"line":6,"column":4}},"6":{"start":{"line":7,"column":0},"end":{"line":7,"column":10}},"7":{"start":{"line":8,"column":0},"end":{"line":8,"column":15}},"8":{"start":{"line":9,"column":0},"end":{"line":9,"column":4}},"9":{"start":{"line":10,"column":0},"end":{"line":10,"column":14}},"10":{"start":{"line":11,"column":0},"end":{"line":11,"column":1}}},"s":{"0":0,"1":0,"2":0,"3":0,"4":0,"5":0,"6":0,"7":0,"8":0,"9":0,"10":0},"branchMap":{"0":{"type":"branch","line":1,"loc":{"start":{"line":1,"column":0},"end":{"line":11,"column":-13}},"locations":[{"start":{"line":1,"column":0},"end":{"line":11,"column":-13}}]}},"b":{"0":[0]},"fnMap":{"0":{"name":"(empty-report)","decl":{"start":{"line":1,"column":0},"end":{"line":11,"column":-13}},"loc":{"start":{"line":1,"column":0},"end":{"line":11,"column":-13}},"line":1}},"f":{"0":0}}
,"/Users/takahiko_tsunoda/work/dev/work_BI/frontend/e2e/utils.ts": {"path":"/Users/takahiko_tsunoda/work/dev/work_BI/frontend/e2e/utils.ts","all":true,"statementMap":{"0":{"start":{"line":1,"column":0},"end":{"line":1,"column":52}},"1":{"start":{"line":2,"column":0},"end":{"line":2,"column":0}},"2":{"start":{"line":3,"column":0},"end":{"line":3,"column":67}},"3":{"start":{"line":4,"column":0},"end":{"line":4,"column":0}},"4":{"start":{"line":5,"column":0},"end":{"line":5,"column":32}},"5":{"start":{"line":6,"column":0},"end":{"line":6,"column":15}},"6":{"start":{"line":7,"column":0},"end":{"line":7,"column":18}},"7":{"start":{"line":8,"column":0},"end":{"line":8,"column":22}},"8":{"start":{"line":9,"column":0},"end":{"line":9,"column":24}},"9":{"start":{"line":10,"column":0},"end":{"line":10,"column":21}},"10":{"start":{"line":11,"column":0},"end":{"line":11,"column":1}},"11":{"start":{"line":12,"column":0},"end":{"line":12,"column":0}},"12":{"start":{"line":13,"column":0},"end":{"line":13,"column":36}},"13":{"start":{"line":14,"column":0},"end":{"line":14,"column":28}},"14":{"start":{"line":15,"column":0},"end":{"line":15,"column":27}},"15":{"start":{"line":16,"column":0},"end":{"line":16,"column":71}},"16":{"start":{"line":17,"column":0},"end":{"line":17,"column":2}},"17":{"start":{"line":18,"column":0},"end":{"line":18,"column":23}},"18":{"start":{"line":19,"column":0},"end":{"line":19,"column":43}},"19":{"start":{"line":20,"column":0},"end":{"line":20,"column":20}},"20":{"start":{"line":21,"column":0},"end":{"line":21,"column":68}},"21":{"start":{"line":22,"column":0},"end":{"line":22,"column":5}},"22":{"start":{"line":23,"column":0},"end":{"line":23,"column":3}},"23":{"start":{"line":24,"column":0},"end":{"line":24,"column":2}},"24":{"start":{"line":25,"column":0},"end":{"line":25,"column":36}},"25":{"start":{"line":26,"column":0},"end":{"line":26,"column":2}},"26":{"start":{"line":27,"column":0},"end":{"line":27,"column":10}},"27":{"start":{"line":28,"column":0},"end":{"line":28,"column":22}},"28":{"start":{"line":29,"column":0},"end":{"line":29,"column":28}},"29":{"start":{"line":30,"column":0},"end":{"line":30,"column":36}},"30":{"start":{"line":31,"column":0},"end":{"line":31,"column":40}},"31":{"start":{"line":32,"column":0},"end":{"line":32,"column":34}},"32":{"start":{"line":33,"column":0},"end":{"line":33,"column":3}},"33":{"start":{"line":34,"column":0},"end":{"line":34,"column":1}}},"s":{"0":0,"1":0,"2":0,"3":0,"4":0,"5":0,"6":0,"7":0,"8":0,"9":0,"10":0,"11":0,"12":0,"13":0,"14":0,"15":0,"16":0,"17":0,"18":0,"19":0,"20":0,"21":0,"22":0,"23":0,"24":0,"25":0,"26":0,"27":0,"28":0,"29":0,"30":0,"31":0,"32":0,"33":0},"branchMap":{"0":{"type":"branch","line":1,"loc":{"start":{"line":1,"column":825},"end":{"line":34,"column":1}},"locations":[{"start":{"line":1,"column":825},"end":{"line":34,"column":1}}]}},"b":{"0":[0]},"fnMap":{"0":{"name":"(empty-report)","decl":{"start":{"line":1,"column":825},"end":{"line":34,"column":1}},"loc":{"start":{"line":1,"column":825},"end":{"line":34,"column":1}},"line":1}},"f":{"0":0}}
,"/Users/takahiko_tsunoda/work/dev/work_BI/frontend/playwright-report/trace/index.BiGyQqiM.js": {"path":"/Users/takahiko_tsunoda/work/dev/work_BI/frontend/playwright-report/trace/index.BiGyQqiM.js","all":true,"statementMap":{"0":{"start":{"line":1,"column":0},"end":{"line":1,"column":6047}},"1":{"start":{"line":2,"column":0},"end":{"line":2,"column":443}}},"s":{"0":0,"1":0},"branchMap":{"0":{"type":"branch","line":1,"loc":{"start":{"line":1,"column":0},"end":{"line":2,"column":-872}},"locations":[{"start":{"line":1,"column":0},"end":{"line":2,"column":-872}}]}},"b":{"0":[0]},"fnMap":{"0":{"name":"(empty-report)","decl":{"start":{"line":1,"column":0},"end":{"line":2,"column":-872}},"loc":{"start":{"line":1,"column":0},"end":{"line":2,"column":-872}},"line":1}},"f":{"0":0}}
,"/Users/takahiko_tsunoda/work/dev/work_BI/frontend/playwright-report/trace/sw.bundle.js": {"path":"/Users/takahiko_tsunoda/work/dev/work_BI/frontend/playwright-report/trace/sw.bundle.js","all":true,"statementMap":{"0":{"start":{"line":1,"column":0},"end":{"line":1,"column":12395}},"1":{"start":{"line":2,"column":0},"end":{"line":2,"column":2945}},"2":{"start":{"line":3,"column":0},"end":{"line":3,"column":76655}},"3":{"start":{"line":4,"column":0},"end":{"line":4,"column":0}},"4":{"start":{"line":5,"column":0},"end":{"line":5,"column":2926}}},"s":{"0":0,"1":0,"2":0,"3":0,"4":0},"branchMap":{"0":{"type":"branch","line":1,"loc":{"start":{"line":1,"column":94925},"end":{"line":5,"column":2926}},"locations":[{"start":{"line":1,"column":94925},"end":{"line":5,"column":2926}}]}},"b":{"0":[0]},"fnMap":{"0":{"name":"(empty-report)","decl":{"start":{"line":1,"column":94925},"end":{"line":5,"column":2926}},"loc":{"start":{"line":1,"column":94925},"end":{"line":5,"column":2926}},"line":1}},"f":{"0":0}}
,"/Users/takahiko_tsunoda/work/dev/work_BI/frontend/playwright-report/trace/uiMode.CQJ9SCIQ.js": {"path":"/Users/takahiko_tsunoda/work/dev/work_BI/frontend/playwright-report/trace/uiMode.CQJ9SCIQ.js","all":true,"statementMap":{"0":{"start":{"line":1,"column":0},"end":{"line":1,"column":141}},"1":{"start":{"line":2,"column":0},"end":{"line":2,"column":19088}},"2":{"start":{"line":3,"column":0},"end":{"line":3,"column":8594}},"3":{"start":{"line":4,"column":0},"end":{"line":4,"column":9175}},"4":{"start":{"line":5,"column":0},"end":{"line":5,"column":353}}},"s":{"0":0,"1":0,"2":0,"3":0,"4":0},"branchMap":{"0":{"type":"branch","line":1,"loc":{"start":{"line":1,"column":0},"end":{"line":5,"column":-3014}},"locations":[{"start":{"line":1,"column":0},"end":{"line":5,"column":-3014}}]}},"b":{"0":[0]},"fnMap":{"0":{"name":"(empty-report)","decl":{"start":{"line":1,"column":0},"end":{"line":5,"column":-3014}},"loc":{"start":{"line":1,"column":0},"end":{"line":5,"column":-3014}},"line":1}},"f":{"0":0}}
,"/Users/takahiko_tsunoda/work/dev/work_BI/frontend/playwright-report/trace/assets/codeMirrorModule-a5XoALAZ.js": {"path":"/Users/takahiko_tsunoda/work/dev/work_BI/frontend/playwright-report/trace/assets/codeMirrorModule-a5XoALAZ.js","all":true,"statementMap":{"0":{"start":{"line":1,"column":0},"end":{"line":1,"column":11966}},"1":{"start":{"line":2,"column":0},"end":{"line":2,"column":0}},"2":{"start":{"line":3,"column":0},"end":{"line":3,"column":89}},"3":{"start":{"line":4,"column":0},"end":{"line":4,"column":18738}},"4":{"start":{"line":5,"column":0},"end":{"line":5,"column":22626}},"5":{"start":{"line":6,"column":0},"end":{"line":6,"column":68}},"6":{"start":{"line":7,"column":0},"end":{"line":7,"column":4418}},"7":{"start":{"line":8,"column":0},"end":{"line":8,"column":71}},"8":{"start":{"line":9,"column":0},"end":{"line":9,"column":74}},"9":{"start":{"line":10,"column":0},"end":{"line":10,"column":52983}},"10":{"start":{"line":11,"column":0},"end":{"line":11,"column":14012}},"11":{"start":{"line":12,"column":0},"end":{"line":12,"column":18066}},"12":{"start":{"line":13,"column":0},"end":{"line":13,"column":475}},"13":{"start":{"line":14,"column":0},"end":{"line":14,"column":12}},"14":{"start":{"line":15,"column":0},"end":{"line":15,"column":11383}},"15":{"start":{"line":16,"column":0},"end":{"line":16,"column":24}},"16":{"start":{"line":17,"column":0},"end":{"line":17,"column":1986}},"17":{"start":{"line":18,"column":0},"end":{"line":18,"column":224}},"18":{"start":{"line":19,"column":0},"end":{"line":19,"column":9765}},"19":{"start":{"line":20,"column":0},"end":{"line":20,"column":3470}},"20":{"start":{"line":21,"column":0},"end":{"line":21,"column":850}},"21":{"start":{"line":22,"column":0},"end":{"line":22,"column":71}},"22":{"start":{"line":23,"column":0},"end":{"line":23,"column":82}},"23":{"start":{"line":24,"column":0},"end":{"line":24,"column":124725}},"24":{"start":{"line":25,"column":0},"end":{"line":25,"column":2960}},"25":{"start":{"line":26,"column":0},"end":{"line":26,"column":81}},"26":{"start":{"line":27,"column":0},"end":{"line":27,"column":17}},"27":{"start":{"line":28,"column":0},"end":{"line":28,"column":735}},"28":{"start":{"line":29,"column":0},"end":{"line":29,"column":62}},"29":{"start":{"line":30,"column":0},"end":{"line":30,"column":17}},"30":{"start":{"line":31,"column":0},"end":{"line":31,"column":7166}},"31":{"start":{"line":32,"column":0},"end":{"line":32,"column":5747}}},"s":{"0":0,"1":0,"2":0,"3":0,"4":0,"5":0,"6":0,"7":0,"8":0,"9":0,"10":0,"11":0,"12":0,"13":0,"14":0,"15":0,"16":0,"17":0,"18":0,"19":0,"20":0,"21":0,"22":0,"23":0,"24":0,"25":0,"26":0,"27":0,"28":0,"29":0,"30":0,"31":0},"branchMap":{"0":{"type":"branch","line":1,"loc":{"start":{"line":1,"column":0},"end":{"line":32,"column":5635}},"locations":[{"start":{"line":1,"column":0},"end":{"line":32,"column":5635}}]}},"b":{"0":[0]},"fnMap":{"0":{"name":"(empty-report)","decl":{"start":{"line":1,"column":0},"end":{"line":32,"column":5635}},"loc":{"start":{"line":1,"column":0},"end":{"line":32,"column":5635}},"line":1}},"f":{"0":0}}
,"/Users/takahiko_tsunoda/work/dev/work_BI/frontend/playwright-report/trace/assets/defaultSettingsView-CJSZINFr.js": {"path":"/Users/takahiko_tsunoda/work/dev/work_BI/frontend/playwright-report/trace/assets/defaultSettingsView-CJSZINFr.js","all":true,"statementMap":{"0":{"start":{"line":1,"column":0},"end":{"line":1,"column":145}},"1":{"start":{"line":2,"column":0},"end":{"line":2,"column":1009}},"2":{"start":{"line":3,"column":0},"end":{"line":3,"column":17}},"3":{"start":{"line":4,"column":0},"end":{"line":4,"column":34}},"4":{"start":{"line":5,"column":0},"end":{"line":5,"column":2}},"5":{"start":{"line":6,"column":0},"end":{"line":6,"column":53}},"6":{"start":{"line":7,"column":0},"end":{"line":7,"column":2}},"7":{"start":{"line":8,"column":0},"end":{"line":8,"column":66}},"8":{"start":{"line":9,"column":0},"end":{"line":9,"column":58}},"9":{"start":{"line":10,"column":0},"end":{"line":10,"column":484}},"10":{"start":{"line":11,"column":0},"end":{"line":11,"column":17}},"11":{"start":{"line":12,"column":0},"end":{"line":12,"column":22}},"12":{"start":{"line":13,"column":0},"end":{"line":13,"column":2}},"13":{"start":{"line":14,"column":0},"end":{"line":14,"column":53}},"14":{"start":{"line":15,"column":0},"end":{"line":15,"column":2}},"15":{"start":{"line":16,"column":0},"end":{"line":16,"column":66}},"16":{"start":{"line":17,"column":0},"end":{"line":17,"column":58}},"17":{"start":{"line":18,"column":0},"end":{"line":18,"column":12058}},"18":{"start":{"line":19,"column":0},"end":{"line":19,"column":17}},"19":{"start":{"line":20,"column":0},"end":{"line":20,"column":26}},"20":{"start":{"line":21,"column":0},"end":{"line":21,"column":2}},"21":{"start":{"line":22,"column":0},"end":{"line":22,"column":53}},"22":{"start":{"line":23,"column":0},"end":{"line":23,"column":2}},"23":{"start":{"line":24,"column":0},"end":{"line":24,"column":66}},"24":{"start":{"line":25,"column":0},"end":{"line":25,"column":58}},"25":{"start":{"line":26,"column":0},"end":{"line":26,"column":3722}},"26":{"start":{"line":27,"column":0},"end":{"line":27,"column":17}},"27":{"start":{"line":28,"column":0},"end":{"line":28,"column":26}},"28":{"start":{"line":29,"column":0},"end":{"line":29,"column":2}},"29":{"start":{"line":30,"column":0},"end":{"line":30,"column":53}},"30":{"start":{"line":31,"column":0},"end":{"line":31,"column":2}},"31":{"start":{"line":32,"column":0},"end":{"line":32,"column":66}},"32":{"start":{"line":33,"column":0},"end":{"line":33,"column":58}},"33":{"start":{"line":34,"column":0},"end":{"line":34,"column":3609}},"34":{"start":{"line":35,"column":0},"end":{"line":35,"column":17}},"35":{"start":{"line":36,"column":0},"end":{"line":36,"column":33}},"36":{"start":{"line":37,"column":0},"end":{"line":37,"column":2}},"37":{"start":{"line":38,"column":0},"end":{"line":38,"column":53}},"38":{"start":{"line":39,"column":0},"end":{"line":39,"column":2}},"39":{"start":{"line":40,"column":0},"end":{"line":40,"column":66}},"40":{"start":{"line":41,"column":0},"end":{"line":41,"column":58}},"41":{"start":{"line":42,"column":0},"end":{"line":42,"column":4324}},"42":{"start":{"line":43,"column":0},"end":{"line":43,"column":75}},"43":{"start":{"line":44,"column":0},"end":{"line":44,"column":985}},"44":{"start":{"line":45,"column":0},"end":{"line":45,"column":14}},"45":{"start":{"line":46,"column":0},"end":{"line":46,"column":328}},"46":{"start":{"line":47,"column":0},"end":{"line":47,"column":694}},"47":{"start":{"line":48,"column":0},"end":{"line":48,"column":37}},"48":{"start":{"line":49,"column":0},"end":{"line":49,"column":133538}},"49":{"start":{"line":50,"column":0},"end":{"line":50,"column":57459}},"50":{"start":{"line":51,"column":0},"end":{"line":51,"column":15557}},"51":{"start":{"line":52,"column":0},"end":{"line":52,"column":45737}},"52":{"start":{"line":53,"column":0},"end":{"line":53,"column":76}},"53":{"start":{"line":54,"column":0},"end":{"line":54,"column":75}},"54":{"start":{"line":55,"column":0},"end":{"line":55,"column":204}},"55":{"start":{"line":56,"column":0},"end":{"line":56,"column":47}},"56":{"start":{"line":57,"column":0},"end":{"line":57,"column":44}},"57":{"start":{"line":58,"column":0},"end":{"line":58,"column":47}},"58":{"start":{"line":59,"column":0},"end":{"line":59,"column":12093}},"59":{"start":{"line":60,"column":0},"end":{"line":60,"column":2583}},"60":{"start":{"line":61,"column":0},"end":{"line":61,"column":14}},"61":{"start":{"line":62,"column":0},"end":{"line":62,"column":0}},"62":{"start":{"line":63,"column":0},"end":{"line":63,"column":35}},"63":{"start":{"line":64,"column":0},"end":{"line":64,"column":61}},"64":{"start":{"line":65,"column":0},"end":{"line":65,"column":54}},"65":{"start":{"line":66,"column":0},"end":{"line":66,"column":182}},"66":{"start":{"line":67,"column":0},"end":{"line":67,"column":167}},"67":{"start":{"line":68,"column":0},"end":{"line":68,"column":441}},"68":{"start":{"line":69,"column":0},"end":{"line":69,"column":5123}},"69":{"start":{"line":70,"column":0},"end":{"line":70,"column":675}},"70":{"start":{"line":71,"column":0},"end":{"line":71,"column":283}},"71":{"start":{"line":72,"column":0},"end":{"line":72,"column":6823}},"72":{"start":{"line":73,"column":0},"end":{"line":73,"column":0}},"73":{"start":{"line":74,"column":0},"end":{"line":74,"column":832}},"74":{"start":{"line":75,"column":0},"end":{"line":75,"column":8}},"75":{"start":{"line":76,"column":0},"end":{"line":76,"column":2144}},"76":{"start":{"line":77,"column":0},"end":{"line":77,"column":60}},"77":{"start":{"line":78,"column":0},"end":{"line":78,"column":3}},"78":{"start":{"line":79,"column":0},"end":{"line":79,"column":101}},"79":{"start":{"line":80,"column":0},"end":{"line":80,"column":169}},"80":{"start":{"line":81,"column":0},"end":{"line":81,"column":3}},"81":{"start":{"line":82,"column":0},"end":{"line":82,"column":89}},"82":{"start":{"line":83,"column":0},"end":{"line":83,"column":588}},"83":{"start":{"line":84,"column":0},"end":{"line":84,"column":36}},"84":{"start":{"line":85,"column":0},"end":{"line":85,"column":3}},"85":{"start":{"line":86,"column":0},"end":{"line":86,"column":68}},"86":{"start":{"line":87,"column":0},"end":{"line":87,"column":33}},"87":{"start":{"line":88,"column":0},"end":{"line":88,"column":288}},"88":{"start":{"line":89,"column":0},"end":{"line":89,"column":60}},"89":{"start":{"line":90,"column":0},"end":{"line":90,"column":3}},"90":{"start":{"line":91,"column":0},"end":{"line":91,"column":101}},"91":{"start":{"line":92,"column":0},"end":{"line":92,"column":126}},"92":{"start":{"line":93,"column":0},"end":{"line":93,"column":3}},"93":{"start":{"line":94,"column":0},"end":{"line":94,"column":538}},"94":{"start":{"line":95,"column":0},"end":{"line":95,"column":15}},"95":{"start":{"line":96,"column":0},"end":{"line":96,"column":438}},"96":{"start":{"line":97,"column":0},"end":{"line":97,"column":60}},"97":{"start":{"line":98,"column":0},"end":{"line":98,"column":3}},"98":{"start":{"line":99,"column":0},"end":{"line":99,"column":111}},"99":{"start":{"line":100,"column":0},"end":{"line":100,"column":146}},"100":{"start":{"line":101,"column":0},"end":{"line":101,"column":3}},"101":{"start":{"line":102,"column":0},"end":{"line":102,"column":595}},"102":{"start":{"line":103,"column":0},"end":{"line":103,"column":13}},"103":{"start":{"line":104,"column":0},"end":{"line":104,"column":6}},"104":{"start":{"line":105,"column":0},"end":{"line":105,"column":16634}},"105":{"start":{"line":106,"column":0},"end":{"line":106,"column":0}},"106":{"start":{"line":107,"column":0},"end":{"line":107,"column":11}},"107":{"start":{"line":108,"column":0},"end":{"line":108,"column":22}},"108":{"start":{"line":109,"column":0},"end":{"line":109,"column":4099}},"109":{"start":{"line":110,"column":0},"end":{"line":110,"column":8686}},"110":{"start":{"line":111,"column":0},"end":{"line":111,"column":20451}},"111":{"start":{"line":112,"column":0},"end":{"line":112,"column":48331}},"112":{"start":{"line":113,"column":0},"end":{"line":113,"column":12527}},"113":{"start":{"line":114,"column":0},"end":{"line":114,"column":12}},"114":{"start":{"line":115,"column":0},"end":{"line":115,"column":24}},"115":{"start":{"line":116,"column":0},"end":{"line":116,"column":10}},"116":{"start":{"line":117,"column":0},"end":{"line":117,"column":38}},"117":{"start":{"line":118,"column":0},"end":{"line":118,"column":12340}},"118":{"start":{"line":119,"column":0},"end":{"line":119,"column":43}},"119":{"start":{"line":120,"column":0},"end":{"line":120,"column":137}},"120":{"start":{"line":121,"column":0},"end":{"line":121,"column":284}},"121":{"start":{"line":122,"column":0},"end":{"line":122,"column":42}},"122":{"start":{"line":123,"column":0},"end":{"line":123,"column":174}},"123":{"start":{"line":124,"column":0},"end":{"line":124,"column":43732}},"124":{"start":{"line":125,"column":0},"end":{"line":125,"column":107}},"125":{"start":{"line":126,"column":0},"end":{"line":126,"column":98}},"126":{"start":{"line":127,"column":0},"end":{"line":127,"column":11346}},"127":{"start":{"line":128,"column":0},"end":{"line":128,"column":10422}},"128":{"start":{"line":129,"column":0},"end":{"line":129,"column":7332}},"129":{"start":{"line":130,"column":0},"end":{"line":130,"column":23}},"130":{"start":{"line":131,"column":0},"end":{"line":131,"column":4}},"131":{"start":{"line":132,"column":0},"end":{"line":132,"column":571}},"132":{"start":{"line":133,"column":0},"end":{"line":133,"column":89}},"133":{"start":{"line":134,"column":0},"end":{"line":134,"column":44}},"134":{"start":{"line":135,"column":0},"end":{"line":135,"column":333}},"135":{"start":{"line":136,"column":0},"end":{"line":136,"column":57}},"136":{"start":{"line":137,"column":0},"end":{"line":137,"column":145}},"137":{"start":{"line":138,"column":0},"end":{"line":138,"column":316}},"138":{"start":{"line":139,"column":0},"end":{"line":139,"column":802}},"139":{"start":{"line":140,"column":0},"end":{"line":140,"column":0}},"140":{"start":{"line":141,"column":0},"end":{"line":141,"column":49}},"141":{"start":{"line":142,"column":0},"end":{"line":142,"column":191}},"142":{"start":{"line":143,"column":0},"end":{"line":143,"column":124}},"143":{"start":{"line":144,"column":0},"end":{"line":144,"column":249}},"144":{"start":{"line":145,"column":0},"end":{"line":145,"column":2}},"145":{"start":{"line":146,"column":0},"end":{"line":146,"column":4}},"146":{"start":{"line":147,"column":0},"end":{"line":147,"column":366}},"147":{"start":{"line":148,"column":0},"end":{"line":148,"column":4}},"148":{"start":{"line":149,"column":0},"end":{"line":149,"column":57}},"149":{"start":{"line":150,"column":0},"end":{"line":150,"column":66}},"150":{"start":{"line":151,"column":0},"end":{"line":151,"column":102}},"151":{"start":{"line":152,"column":0},"end":{"line":152,"column":129}},"152":{"start":{"line":153,"column":0},"end":{"line":153,"column":239}},"153":{"start":{"line":154,"column":0},"end":{"line":154,"column":38}},"154":{"start":{"line":155,"column":0},"end":{"line":155,"column":147}},"155":{"start":{"line":156,"column":0},"end":{"line":156,"column":137}},"156":{"start":{"line":157,"column":0},"end":{"line":157,"column":166}},"157":{"start":{"line":158,"column":0},"end":{"line":158,"column":60}},"158":{"start":{"line":159,"column":0},"end":{"line":159,"column":138}},"159":{"start":{"line":160,"column":0},"end":{"line":160,"column":2966}},"160":{"start":{"line":161,"column":0},"end":{"line":161,"column":980}},"161":{"start":{"line":162,"column":0},"end":{"line":162,"column":417}},"162":{"start":{"line":163,"column":0},"end":{"line":163,"column":25}},"163":{"start":{"line":164,"column":0},"end":{"line":164,"column":42}},"164":{"start":{"line":165,"column":0},"end":{"line":165,"column":7}},"165":{"start":{"line":166,"column":0},"end":{"line":166,"column":0}},"166":{"start":{"line":167,"column":0},"end":{"line":167,"column":7}},"167":{"start":{"line":168,"column":0},"end":{"line":168,"column":58}},"168":{"start":{"line":169,"column":0},"end":{"line":169,"column":210}},"169":{"start":{"line":170,"column":0},"end":{"line":170,"column":36}},"170":{"start":{"line":171,"column":0},"end":{"line":171,"column":3107}},"171":{"start":{"line":172,"column":0},"end":{"line":172,"column":11}},"172":{"start":{"line":173,"column":0},"end":{"line":173,"column":17}},"173":{"start":{"line":174,"column":0},"end":{"line":174,"column":758}},"174":{"start":{"line":175,"column":0},"end":{"line":175,"column":214}},"175":{"start":{"line":176,"column":0},"end":{"line":176,"column":15}},"176":{"start":{"line":177,"column":0},"end":{"line":177,"column":13}},"177":{"start":{"line":178,"column":0},"end":{"line":178,"column":8197}},"178":{"start":{"line":179,"column":0},"end":{"line":179,"column":342}},"179":{"start":{"line":180,"column":0},"end":{"line":180,"column":108}},"180":{"start":{"line":181,"column":0},"end":{"line":181,"column":9535}},"181":{"start":{"line":182,"column":0},"end":{"line":182,"column":206}},"182":{"start":{"line":183,"column":0},"end":{"line":183,"column":4}},"183":{"start":{"line":184,"column":0},"end":{"line":184,"column":5026}},"184":{"start":{"line":185,"column":0},"end":{"line":185,"column":169}},"185":{"start":{"line":186,"column":0},"end":{"line":186,"column":0}},"186":{"start":{"line":187,"column":0},"end":{"line":187,"column":4}},"187":{"start":{"line":188,"column":0},"end":{"line":188,"column":4}},"188":{"start":{"line":189,"column":0},"end":{"line":189,"column":2277}},"189":{"start":{"line":190,"column":0},"end":{"line":190,"column":1368}},"190":{"start":{"line":191,"column":0},"end":{"line":191,"column":1169}},"191":{"start":{"line":192,"column":0},"end":{"line":192,"column":2198}},"192":{"start":{"line":193,"column":0},"end":{"line":193,"column":553}},"193":{"start":{"line":194,"column":0},"end":{"line":194,"column":1101}},"194":{"start":{"line":195,"column":0},"end":{"line":195,"column":747}},"195":{"start":{"line":196,"column":0},"end":{"line":196,"column":1708}},"196":{"start":{"line":197,"column":0},"end":{"line":197,"column":694}},"197":{"start":{"line":198,"column":0},"end":{"line":198,"column":337}},"198":{"start":{"line":199,"column":0},"end":{"line":199,"column":38}},"199":{"start":{"line":200,"column":0},"end":{"line":200,"column":11}},"200":{"start":{"line":201,"column":0},"end":{"line":201,"column":7}},"201":{"start":{"line":202,"column":0},"end":{"line":202,"column":0}},"202":{"start":{"line":203,"column":0},"end":{"line":203,"column":24}},"203":{"start":{"line":204,"column":0},"end":{"line":204,"column":20}},"204":{"start":{"line":205,"column":0},"end":{"line":205,"column":6}},"205":{"start":{"line":206,"column":0},"end":{"line":206,"column":5}},"206":{"start":{"line":207,"column":0},"end":{"line":207,"column":91}},"207":{"start":{"line":208,"column":0},"end":{"line":208,"column":36}},"208":{"start":{"line":209,"column":0},"end":{"line":209,"column":8}},"209":{"start":{"line":210,"column":0},"end":{"line":210,"column":21}},"210":{"start":{"line":211,"column":0},"end":{"line":211,"column":2319}},"211":{"start":{"line":212,"column":0},"end":{"line":212,"column":54}},"212":{"start":{"line":213,"column":0},"end":{"line":213,"column":174}},"213":{"start":{"line":214,"column":0},"end":{"line":214,"column":10}},"214":{"start":{"line":215,"column":0},"end":{"line":215,"column":216}},"215":{"start":{"line":216,"column":0},"end":{"line":216,"column":11}},"216":{"start":{"line":217,"column":0},"end":{"line":217,"column":111}},"217":{"start":{"line":218,"column":0},"end":{"line":218,"column":72}},"218":{"start":{"line":219,"column":0},"end":{"line":219,"column":305}},"219":{"start":{"line":220,"column":0},"end":{"line":220,"column":25}},"220":{"start":{"line":221,"column":0},"end":{"line":221,"column":201}},"221":{"start":{"line":222,"column":0},"end":{"line":222,"column":36}},"222":{"start":{"line":223,"column":0},"end":{"line":223,"column":9}},"223":{"start":{"line":224,"column":0},"end":{"line":224,"column":8}},"224":{"start":{"line":225,"column":0},"end":{"line":225,"column":105}},"225":{"start":{"line":226,"column":0},"end":{"line":226,"column":4699}},"226":{"start":{"line":227,"column":0},"end":{"line":227,"column":0}},"227":{"start":{"line":228,"column":0},"end":{"line":228,"column":3}},"228":{"start":{"line":229,"column":0},"end":{"line":229,"column":576}},"229":{"start":{"line":230,"column":0},"end":{"line":230,"column":186}},"230":{"start":{"line":231,"column":0},"end":{"line":231,"column":60}},"231":{"start":{"line":232,"column":0},"end":{"line":232,"column":1533}},"232":{"start":{"line":233,"column":0},"end":{"line":233,"column":1039}},"233":{"start":{"line":234,"column":0},"end":{"line":234,"column":53}},"234":{"start":{"line":235,"column":0},"end":{"line":235,"column":42}},"235":{"start":{"line":236,"column":0},"end":{"line":236,"column":128}},"236":{"start":{"line":237,"column":0},"end":{"line":237,"column":1067}},"237":{"start":{"line":238,"column":0},"end":{"line":238,"column":42}},"238":{"start":{"line":239,"column":0},"end":{"line":239,"column":342}},"239":{"start":{"line":240,"column":0},"end":{"line":240,"column":732}},"240":{"start":{"line":241,"column":0},"end":{"line":241,"column":2477}},"241":{"start":{"line":242,"column":0},"end":{"line":242,"column":9}},"242":{"start":{"line":243,"column":0},"end":{"line":243,"column":872}},"243":{"start":{"line":244,"column":0},"end":{"line":244,"column":223}},"244":{"start":{"line":245,"column":0},"end":{"line":245,"column":596}},"245":{"start":{"line":246,"column":0},"end":{"line":246,"column":34}},"246":{"start":{"line":247,"column":0},"end":{"line":247,"column":198}},"247":{"start":{"line":248,"column":0},"end":{"line":248,"column":44}},"248":{"start":{"line":249,"column":0},"end":{"line":249,"column":269}},"249":{"start":{"line":250,"column":0},"end":{"line":250,"column":4509}},"250":{"start":{"line":251,"column":0},"end":{"line":251,"column":99}},"251":{"start":{"line":252,"column":0},"end":{"line":252,"column":593}},"252":{"start":{"line":253,"column":0},"end":{"line":253,"column":114}},"253":{"start":{"line":254,"column":0},"end":{"line":254,"column":302}},"254":{"start":{"line":255,"column":0},"end":{"line":255,"column":212}},"255":{"start":{"line":256,"column":0},"end":{"line":256,"column":170}},"256":{"start":{"line":257,"column":0},"end":{"line":257,"column":353}},"257":{"start":{"line":258,"column":0},"end":{"line":258,"column":11}},"258":{"start":{"line":259,"column":0},"end":{"line":259,"column":63}},"259":{"start":{"line":260,"column":0},"end":{"line":260,"column":1336}},"260":{"start":{"line":261,"column":0},"end":{"line":261,"column":54}},"261":{"start":{"line":262,"column":0},"end":{"line":262,"column":6600}},"262":{"start":{"line":263,"column":0},"end":{"line":263,"column":70}},"263":{"start":{"line":264,"column":0},"end":{"line":264,"column":6103}},"264":{"start":{"line":265,"column":0},"end":{"line":265,"column":70}},"265":{"start":{"line":266,"column":0},"end":{"line":266,"column":38009}}},"s":{"0":0,"1":0,"2":0,"3":0,"4":0,"5":0,"6":0,"7":0,"8":0,"9":0,"10":0,"11":0,"12":0,"13":0,"14":0,"15":0,"16":0,"17":0,"18":0,"19":0,"20":0,"21":0,"22":0,"23":0,"24":0,"25":0,"26":0,"27":0,"28":0,"29":0,"30":0,"31":0,"32":0,"33":0,"34":0,"35":0,"36":0,"37":0,"38":0,"39":0,"40":0,"41":0,"42":0,"43":0,"44":0,"45":0,"46":0,"47":0,"48":0,"49":0,"50":0,"51":0,"52":0,"53":0,"54":0,"55":0,"56":0,"57":0,"58":0,"59":0,"60":0,"61":0,"62":0,"63":0,"64":0,"65":0,"66":0,"67":0,"68":0,"69":0,"70":0,"71":0,"72":0,"73":0,"74":0,"75":0,"76":0,"77":0,"78":0,"79":0,"80":0,"81":0,"82":0,"83":0,"84":0,"85":0,"86":0,"87":0,"88":0,"89":0,"90":0,"91":0,"92":0,"93":0,"94":0,"95":0,"96":0,"97":0,"98":0,"99":0,"100":0,"101":0,"102":0,"103":0,"104":0,"105":0,"106":0,"107":0,"108":0,"109":0,"110":0,"111":0,"112":0,"113":0,"114":0,"115":0,"116":0,"117":0,"118":0,"119":0,"120":0,"121":0,"122":0,"123":0,"124":0,"125":0,"126":0,"127":0,"128":0,"129":0,"130":0,"131":0,"132":0,"133":0,"134":0,"135":0,"136":0,"137":0,"138":0,"139":0,"140":0,"141":0,"142":0,"143":0,"144":0,"145":0,"146":0,"147":0,"148":0,"149":0,"150":0,"151":0,"152":0,"153":0,"154":0,"155":0,"156":0,"157":0,"158":0,"159":0,"160":0,"161":0,"162":0,"163":0,"164":0,"165":0,"166":0,"167":0,"168":0,"169":0,"170":0,"171":0,"172":0,"173":0,"174":0,"175":0,"176":0,"177":0,"178":0,"179":0,"180":0,"181":0,"182":0,"183":0,"184":0,"185":0,"186":0,"187":0,"188":0,"189":0,"190":0,"191":0,"192":0,"193":0,"194":0,"195":0,"196":0,"197":0,"198":0,"199":0,"200":0,"201":0,"202":0,"203":0,"204":0,"205":0,"206":0,"207":0,"208":0,"209":0,"210":0,"211":0,"212":0,"213":0,"214":0,"215":0,"216":0,"217":0,"218":0,"219":0,"220":0,"221":0,"222":0,"223":0,"224":0,"225":0,"226":0,"227":0,"228":0,"229":0,"230":0,"231":0,"232":0,"233":0,"234":0,"235":0,"236":0,"237":0,"238":0,"239":0,"240":0,"241":0,"242":0,"243":0,"244":0,"245":0,"246":0,"247":0,"248":0,"249":0,"250":0,"251":0,"252":0,"253":0,"254":0,"255":0,"256":0,"257":0,"258":0,"259":0,"260":0,"261":0,"262":0,"263":0,"264":0,"265":0},"branchMap":{"0":{"type":"branch","line":1,"loc":{"start":{"line":1,"column":640843},"end":{"line":266,"column":38009}},"locations":[{"start":{"line":1,"column":640843},"end":{"line":266,"column":38009}}]}},"b":{"0":[0]},"fnMap":{"0":{"name":"(empty-report)","decl":{"start":{"line":1,"column":640843},"end":{"line":266,"column":38009}},"loc":{"start":{"line":1,"column":640843},"end":{"line":266,"column":38009}},"line":1}},"f":{"0":0}}
,"/Users/takahiko_tsunoda/work/dev/work_BI/frontend/src/App.tsx": {"path":"/Users/takahiko_tsunoda/work/dev/work_BI/frontend/src/App.tsx","all":false,"statementMap":{"0":{"start":{"line":1,"column":0},"end":{"line":1,"column":73}},"1":{"start":{"line":2,"column":0},"end":{"line":2,"column":72}},"2":{"start":{"line":3,"column":0},"end":{"line":3,"column":33}},"3":{"start":{"line":4,"column":0},"end":{"line":4,"column":47}},"4":{"start":{"line":5,"column":0},"end":{"line":5,"column":63}},"5":{"start":{"line":6,"column":0},"end":{"line":6,"column":41}},"6":{"start":{"line":7,"column":0},"end":{"line":7,"column":57}},"7":{"start":{"line":8,"column":0},"end":{"line":8,"column":57}},"8":{"start":{"line":9,"column":0},"end":{"line":9,"column":57}},"9":{"start":{"line":10,"column":0},"end":{"line":10,"column":53}},"10":{"start":{"line":11,"column":0},"end":{"line":11,"column":57}},"11":{"start":{"line":12,"column":0},"end":{"line":12,"column":57}},"12":{"start":{"line":13,"column":0},"end":{"line":13,"column":47}},"13":{"start":{"line":14,"column":0},"end":{"line":14,"column":44}},"14":{"start":{"line":15,"column":0},"end":{"line":15,"column":35}},"15":{"start":{"line":16,"column":0},"end":{"line":16,"column":0}},"16":{"start":{"line":17,"column":0},"end":{"line":17,"column":37}},"17":{"start":{"line":18,"column":0},"end":{"line":18,"column":0}},"18":{"start":{"line":19,"column":0},"end":{"line":19,"column":23}},"19":{"start":{"line":20,"column":0},"end":{"line":20,"column":43}},"20":{"start":{"line":21,"column":0},"end":{"line":21,"column":0}},"21":{"start":{"line":22,"column":0},"end":{"line":22,"column":19}},"22":{"start":{"line":23,"column":0},"end":{"line":23,"column":25}},"23":{"start":{"line":24,"column":0},"end":{"line":24,"column":16}},"24":{"start":{"line":25,"column":0},"end":{"line":25,"column":21}},"25":{"start":{"line":26,"column":0},"end":{"line":26,"column":38}},"26":{"start":{"line":27,"column":0},"end":{"line":27,"column":22}},"27":{"start":{"line":28,"column":0},"end":{"line":28,"column":40}},"28":{"start":{"line":29,"column":0},"end":{"line":29,"column":10}},"29":{"start":{"line":30,"column":0},"end":{"line":30,"column":5}},"30":{"start":{"line":31,"column":0},"end":{"line":31,"column":22}},"31":{"start":{"line":32,"column":0},"end":{"line":32,"column":0}},"32":{"start":{"line":33,"column":0},"end":{"line":33,"column":10}},"33":{"start":{"line":34,"column":0},"end":{"line":34,"column":19}},"34":{"start":{"line":35,"column":0},"end":{"line":35,"column":14}},"35":{"start":{"line":36,"column":0},"end":{"line":36,"column":55}},"36":{"start":{"line":37,"column":0},"end":{"line":37,"column":14}},"37":{"start":{"line":38,"column":0},"end":{"line":38,"column":18}},"38":{"start":{"line":39,"column":0},"end":{"line":39,"column":19}},"39":{"start":{"line":40,"column":0},"end":{"line":40,"column":28}},"40":{"start":{"line":41,"column":0},"end":{"line":41,"column":24}},"41":{"start":{"line":42,"column":0},"end":{"line":42,"column":29}},"42":{"start":{"line":43,"column":0},"end":{"line":43,"column":11}},"43":{"start":{"line":44,"column":0},"end":{"line":44,"column":9}},"44":{"start":{"line":45,"column":0},"end":{"line":45,"column":73}},"45":{"start":{"line":46,"column":0},"end":{"line":46,"column":69}},"46":{"start":{"line":47,"column":0},"end":{"line":47,"column":82}},"47":{"start":{"line":48,"column":0},"end":{"line":48,"column":87}},"48":{"start":{"line":49,"column":0},"end":{"line":49,"column":65}},"49":{"start":{"line":50,"column":0},"end":{"line":50,"column":78}},"50":{"start":{"line":51,"column":0},"end":{"line":51,"column":59}},"51":{"start":{"line":52,"column":0},"end":{"line":52,"column":69}},"52":{"start":{"line":53,"column":0},"end":{"line":53,"column":16}},"53":{"start":{"line":54,"column":0},"end":{"line":54,"column":64}},"54":{"start":{"line":55,"column":0},"end":{"line":55,"column":15}},"55":{"start":{"line":56,"column":0},"end":{"line":56,"column":20}},"56":{"start":{"line":57,"column":0},"end":{"line":57,"column":3}},"57":{"start":{"line":58,"column":0},"end":{"line":58,"column":1}},"58":{"start":{"line":59,"column":0},"end":{"line":59,"column":0}},"59":{"start":{"line":60,"column":0},"end":{"line":60,"column":16}},"60":{"start":{"line":61,"column":0},"end":{"line":61,"column":10}},"61":{"start":{"line":62,"column":0},"end":{"line":62,"column":46}},"62":{"start":{"line":63,"column":0},"end":{"line":63,"column":20}},"63":{"start":{"line":64,"column":0},"end":{"line":64,"column":26}},"64":{"start":{"line":65,"column":0},"end":{"line":65,"column":3}},"65":{"start":{"line":66,"column":0},"end":{"line":66,"column":1}},"66":{"start":{"line":67,"column":0},"end":{"line":67,"column":0}},"67":{"start":{"line":68,"column":0},"end":{"line":68,"column":18}}},"s":{"0":1,"1":1,"2":1,"3":1,"4":1,"5":1,"6":1,"7":1,"8":1,"9":1,"10":1,"11":1,"12":1,"13":1,"14":1,"15":1,"16":1,"17":1,"18":2,"19":2,"20":2,"21":2,"22":2,"23":2,"24":1,"25":1,"26":1,"27":0,"28":1,"29":1,"30":2,"31":2,"32":2,"33":2,"34":2,"35":2,"36":2,"37":2,"38":2,"39":2,"40":2,"41":2,"42":2,"43":2,"44":2,"45":2,"46":2,"47":2,"48":2,"49":2,"50":2,"51":2,"52":2,"53":2,"54":2,"55":2,"56":2,"57":2,"58":1,"59":2,"60":2,"61":2,"62":2,"63":2,"64":2,"65":2,"66":1,"67":1},"branchMap":{"0":{"type":"branch","line":19,"loc":{"start":{"line":19,"column":0},"end":{"line":58,"column":1}},"locations":[{"start":{"line":19,"column":0},"end":{"line":58,"column":1}}]},"1":{"type":"branch","line":22,"loc":{"start":{"line":22,"column":12},"end":{"line":31,"column":5}},"locations":[{"start":{"line":22,"column":12},"end":{"line":31,"column":5}}]},"2":{"type":"branch","line":24,"loc":{"start":{"line":24,"column":15},"end":{"line":30,"column":5}},"locations":[{"start":{"line":24,"column":15},"end":{"line":30,"column":5}}]},"3":{"type":"branch","line":26,"loc":{"start":{"line":26,"column":14},"end":{"line":26,"column":37}},"locations":[{"start":{"line":26,"column":14},"end":{"line":26,"column":37}}]},"4":{"type":"branch","line":60,"loc":{"start":{"line":60,"column":0},"end":{"line":66,"column":1}},"locations":[{"start":{"line":60,"column":0},"end":{"line":66,"column":1}}]}},"b":{"0":[2],"1":[2],"2":[1],"3":[1],"4":[2]},"fnMap":{"0":{"name":"AppContent","decl":{"start":{"line":19,"column":0},"end":{"line":58,"column":1}},"loc":{"start":{"line":19,"column":0},"end":{"line":58,"column":1}},"line":19},"1":{"name":"App","decl":{"start":{"line":60,"column":0},"end":{"line":66,"column":1}},"loc":{"start":{"line":60,"column":0},"end":{"line":66,"column":1}},"line":60}},"f":{"0":2,"1":2}}
,"/Users/takahiko_tsunoda/work/dev/work_BI/frontend/src/main.tsx": {"path":"/Users/takahiko_tsunoda/work/dev/work_BI/frontend/src/main.tsx","all":false,"statementMap":{"0":{"start":{"line":1,"column":0},"end":{"line":1,"column":25}},"1":{"start":{"line":2,"column":0},"end":{"line":2,"column":39}},"2":{"start":{"line":3,"column":0},"end":{"line":3,"column":27}},"3":{"start":{"line":4,"column":0},"end":{"line":4,"column":20}},"4":{"start":{"line":5,"column":0},"end":{"line":5,"column":0}},"5":{"start":{"line":6,"column":0},"end":{"line":6,"column":61}},"6":{"start":{"line":7,"column":0},"end":{"line":7,"column":20}},"7":{"start":{"line":8,"column":0},"end":{"line":8,"column":11}},"8":{"start":{"line":9,"column":0},"end":{"line":9,"column":22}},"9":{"start":{"line":10,"column":0},"end":{"line":10,"column":1}}},"s":{"0":1,"1":1,"2":1,"3":1,"4":1,"5":1,"6":1,"7":1,"8":1,"9":1},"branchMap":{},"b":{},"fnMap":{},"f":{}}
,"/Users/takahiko_tsunoda/work/dev/work_BI/frontend/src/components/card/CardEditor.tsx": {"path":"/Users/takahiko_tsunoda/work/dev/work_BI/frontend/src/components/card/CardEditor.tsx","all":false,"statementMap":{"0":{"start":{"line":1,"column":0},"end":{"line":1,"column":43}},"1":{"start":{"line":2,"column":0},"end":{"line":2,"column":53}},"2":{"start":{"line":3,"column":0},"end":{"line":3,"column":53}},"3":{"start":{"line":4,"column":0},"end":{"line":4,"column":23}},"4":{"start":{"line":5,"column":0},"end":{"line":5,"column":61}},"5":{"start":{"line":6,"column":0},"end":{"line":6,"column":41}},"6":{"start":{"line":7,"column":0},"end":{"line":7,"column":53}},"7":{"start":{"line":8,"column":0},"end":{"line":8,"column":48}},"8":{"start":{"line":9,"column":0},"end":{"line":9,"column":39}},"9":{"start":{"line":10,"column":0},"end":{"line":10,"column":0}},"10":{"start":{"line":11,"column":0},"end":{"line":11,"column":29}},"11":{"start":{"line":12,"column":0},"end":{"line":12,"column":37}},"12":{"start":{"line":13,"column":0},"end":{"line":13,"column":48}},"13":{"start":{"line":14,"column":0},"end":{"line":14,"column":38}},"14":{"start":{"line":15,"column":0},"end":{"line":15,"column":38}},"15":{"start":{"line":16,"column":0},"end":{"line":16,"column":43}},"16":{"start":{"line":17,"column":0},"end":{"line":17,"column":2}},"17":{"start":{"line":18,"column":0},"end":{"line":18,"column":0}},"18":{"start":{"line":19,"column":0},"end":{"line":19,"column":27}},"19":{"start":{"line":20,"column":0},"end":{"line":20,"column":20}},"20":{"start":{"line":21,"column":0},"end":{"line":21,"column":20}},"21":{"start":{"line":22,"column":0},"end":{"line":22,"column":22}},"22":{"start":{"line":23,"column":0},"end":{"line":23,"column":1}},"23":{"start":{"line":24,"column":0},"end":{"line":24,"column":0}},"24":{"start":{"line":25,"column":0},"end":{"line":25,"column":81}},"25":{"start":{"line":26,"column":0},"end":{"line":26,"column":55}},"26":{"start":{"line":27,"column":0},"end":{"line":27,"column":0}},"27":{"start":{"line":28,"column":0},"end":{"line":28,"column":39}},"28":{"start":{"line":29,"column":0},"end":{"line":29,"column":27}},"29":{"start":{"line":30,"column":0},"end":{"line":30,"column":26}},"30":{"start":{"line":31,"column":0},"end":{"line":31,"column":61}},"31":{"start":{"line":32,"column":0},"end":{"line":32,"column":26}},"32":{"start":{"line":33,"column":0},"end":{"line":33,"column":6}},"33":{"start":{"line":34,"column":0},"end":{"line":34,"column":4}},"34":{"start":{"line":35,"column":0},"end":{"line":35,"column":0}},"35":{"start":{"line":36,"column":0},"end":{"line":36,"column":52}},"36":{"start":{"line":37,"column":0},"end":{"line":37,"column":38}},"37":{"start":{"line":38,"column":0},"end":{"line":38,"column":20}},"38":{"start":{"line":39,"column":0},"end":{"line":39,"column":29}},"39":{"start":{"line":40,"column":0},"end":{"line":40,"column":41}},"40":{"start":{"line":41,"column":0},"end":{"line":41,"column":29}},"41":{"start":{"line":42,"column":0},"end":{"line":42,"column":56}},"42":{"start":{"line":43,"column":0},"end":{"line":43,"column":66}},"43":{"start":{"line":44,"column":0},"end":{"line":44,"column":6}},"44":{"start":{"line":45,"column":0},"end":{"line":45,"column":4}},"45":{"start":{"line":46,"column":0},"end":{"line":46,"column":0}},"46":{"start":{"line":47,"column":0},"end":{"line":47,"column":19}},"47":{"start":{"line":48,"column":0},"end":{"line":48,"column":15}},"48":{"start":{"line":49,"column":0},"end":{"line":49,"column":18}},"49":{"start":{"line":50,"column":0},"end":{"line":50,"column":24}},"50":{"start":{"line":51,"column":0},"end":{"line":51,"column":36}},"51":{"start":{"line":52,"column":0},"end":{"line":52,"column":24}},"52":{"start":{"line":53,"column":0},"end":{"line":53,"column":51}},"53":{"start":{"line":54,"column":0},"end":{"line":54,"column":61}},"54":{"start":{"line":55,"column":0},"end":{"line":55,"column":8}},"55":{"start":{"line":56,"column":0},"end":{"line":56,"column":5}},"56":{"start":{"line":57,"column":0},"end":{"line":57,"column":18}},"57":{"start":{"line":58,"column":0},"end":{"line":58,"column":0}},"58":{"start":{"line":59,"column":0},"end":{"line":59,"column":38}},"59":{"start":{"line":60,"column":0},"end":{"line":60,"column":33}},"60":{"start":{"line":61,"column":0},"end":{"line":61,"column":42}},"61":{"start":{"line":62,"column":0},"end":{"line":62,"column":27}},"62":{"start":{"line":63,"column":0},"end":{"line":63,"column":32}},"63":{"start":{"line":64,"column":0},"end":{"line":64,"column":11}},"64":{"start":{"line":65,"column":0},"end":{"line":65,"column":30}},"65":{"start":{"line":66,"column":0},"end":{"line":66,"column":36}},"66":{"start":{"line":67,"column":0},"end":{"line":67,"column":48}},"67":{"start":{"line":68,"column":0},"end":{"line":68,"column":36}},"68":{"start":{"line":69,"column":0},"end":{"line":69,"column":42}},"69":{"start":{"line":70,"column":0},"end":{"line":70,"column":52}},"70":{"start":{"line":71,"column":0},"end":{"line":71,"column":8}},"71":{"start":{"line":72,"column":0},"end":{"line":72,"column":6}},"72":{"start":{"line":73,"column":0},"end":{"line":73,"column":22}},"73":{"start":{"line":74,"column":0},"end":{"line":74,"column":14}},"74":{"start":{"line":75,"column":0},"end":{"line":75,"column":6}},"75":{"start":{"line":76,"column":0},"end":{"line":76,"column":4}},"76":{"start":{"line":77,"column":0},"end":{"line":77,"column":0}},"77":{"start":{"line":78,"column":0},"end":{"line":78,"column":38}},"78":{"start":{"line":79,"column":0},"end":{"line":79,"column":33}},"79":{"start":{"line":80,"column":0},"end":{"line":80,"column":42}},"80":{"start":{"line":81,"column":0},"end":{"line":81,"column":27}},"81":{"start":{"line":82,"column":0},"end":{"line":82,"column":32}},"82":{"start":{"line":83,"column":0},"end":{"line":83,"column":11}},"83":{"start":{"line":84,"column":0},"end":{"line":84,"column":55}},"84":{"start":{"line":85,"column":0},"end":{"line":85,"column":44}},"85":{"start":{"line":86,"column":0},"end":{"line":86,"column":36}},"86":{"start":{"line":87,"column":0},"end":{"line":87,"column":48}},"87":{"start":{"line":88,"column":0},"end":{"line":88,"column":36}},"88":{"start":{"line":89,"column":0},"end":{"line":89,"column":42}},"89":{"start":{"line":90,"column":0},"end":{"line":90,"column":52}},"90":{"start":{"line":91,"column":0},"end":{"line":91,"column":8}},"91":{"start":{"line":92,"column":0},"end":{"line":92,"column":6}},"92":{"start":{"line":93,"column":0},"end":{"line":93,"column":22}},"93":{"start":{"line":94,"column":0},"end":{"line":94,"column":14}},"94":{"start":{"line":95,"column":0},"end":{"line":95,"column":6}},"95":{"start":{"line":96,"column":0},"end":{"line":96,"column":4}},"96":{"start":{"line":97,"column":0},"end":{"line":97,"column":0}},"97":{"start":{"line":98,"column":0},"end":{"line":98,"column":58}},"98":{"start":{"line":99,"column":0},"end":{"line":99,"column":38}},"99":{"start":{"line":100,"column":0},"end":{"line":100,"column":73}},"100":{"start":{"line":101,"column":0},"end":{"line":101,"column":10}},"101":{"start":{"line":102,"column":0},"end":{"line":102,"column":45}},"102":{"start":{"line":103,"column":0},"end":{"line":103,"column":78}},"103":{"start":{"line":104,"column":0},"end":{"line":104,"column":10}},"104":{"start":{"line":105,"column":0},"end":{"line":105,"column":0}},"105":{"start":{"line":106,"column":0},"end":{"line":106,"column":21}},"106":{"start":{"line":107,"column":0},"end":{"line":107,"column":21}},"107":{"start":{"line":108,"column":0},"end":{"line":108,"column":28}},"108":{"start":{"line":109,"column":0},"end":{"line":109,"column":35}},"109":{"start":{"line":110,"column":0},"end":{"line":110,"column":5}},"110":{"start":{"line":111,"column":0},"end":{"line":111,"column":0}},"111":{"start":{"line":112,"column":0},"end":{"line":112,"column":15}},"112":{"start":{"line":113,"column":0},"end":{"line":113,"column":36}},"113":{"start":{"line":114,"column":0},"end":{"line":114,"column":12}},"114":{"start":{"line":115,"column":0},"end":{"line":115,"column":36}},"115":{"start":{"line":116,"column":0},"end":{"line":116,"column":5}},"116":{"start":{"line":117,"column":0},"end":{"line":117,"column":3}},"117":{"start":{"line":118,"column":0},"end":{"line":118,"column":0}},"118":{"start":{"line":119,"column":0},"end":{"line":119,"column":105}},"119":{"start":{"line":120,"column":0},"end":{"line":120,"column":22}},"120":{"start":{"line":121,"column":0},"end":{"line":121,"column":17}},"121":{"start":{"line":122,"column":0},"end":{"line":122,"column":8}},"122":{"start":{"line":123,"column":0},"end":{"line":123,"column":25}},"123":{"start":{"line":124,"column":0},"end":{"line":124,"column":45}},"124":{"start":{"line":125,"column":0},"end":{"line":125,"column":24}},"125":{"start":{"line":126,"column":0},"end":{"line":126,"column":20}},"126":{"start":{"line":127,"column":0},"end":{"line":127,"column":40}},"127":{"start":{"line":128,"column":0},"end":{"line":128,"column":48}},"128":{"start":{"line":129,"column":0},"end":{"line":129,"column":7}},"129":{"start":{"line":130,"column":0},"end":{"line":130,"column":42}},"130":{"start":{"line":131,"column":0},"end":{"line":131,"column":22}},"131":{"start":{"line":132,"column":0},"end":{"line":132,"column":42}},"132":{"start":{"line":133,"column":0},"end":{"line":133,"column":24}},"133":{"start":{"line":134,"column":0},"end":{"line":134,"column":28}},"134":{"start":{"line":135,"column":0},"end":{"line":135,"column":5}},"135":{"start":{"line":136,"column":0},"end":{"line":136,"column":1}},"136":{"start":{"line":137,"column":0},"end":{"line":137,"column":0}},"137":{"start":{"line":138,"column":0},"end":{"line":138,"column":10}},"138":{"start":{"line":139,"column":0},"end":{"line":139,"column":55}},"139":{"start":{"line":140,"column":0},"end":{"line":140,"column":78}},"140":{"start":{"line":141,"column":0},"end":{"line":141,"column":0}},"141":{"start":{"line":142,"column":0},"end":{"line":142,"column":73}},"142":{"start":{"line":143,"column":0},"end":{"line":143,"column":13}},"143":{"start":{"line":144,"column":0},"end":{"line":144,"column":84}},"144":{"start":{"line":145,"column":0},"end":{"line":145,"column":16}},"145":{"start":{"line":146,"column":0},"end":{"line":146,"column":38}},"146":{"start":{"line":147,"column":0},"end":{"line":147,"column":128}},"147":{"start":{"line":148,"column":0},"end":{"line":148,"column":12}},"148":{"start":{"line":149,"column":0},"end":{"line":149,"column":42}},"149":{"start":{"line":150,"column":0},"end":{"line":150,"column":93}},"150":{"start":{"line":151,"column":0},"end":{"line":151,"column":12}},"151":{"start":{"line":152,"column":0},"end":{"line":152,"column":14}},"152":{"start":{"line":153,"column":0},"end":{"line":153,"column":0}},"153":{"start":{"line":154,"column":0},"end":{"line":154,"column":13}},"154":{"start":{"line":155,"column":0},"end":{"line":155,"column":89}},"155":{"start":{"line":156,"column":0},"end":{"line":156,"column":17}},"156":{"start":{"line":157,"column":0},"end":{"line":157,"column":44}},"157":{"start":{"line":158,"column":0},"end":{"line":158,"column":128}},"158":{"start":{"line":159,"column":0},"end":{"line":159,"column":11}},"159":{"start":{"line":160,"column":0},"end":{"line":160,"column":46}},"160":{"start":{"line":161,"column":0},"end":{"line":161,"column":41}},"161":{"start":{"line":162,"column":0},"end":{"line":162,"column":74}},"162":{"start":{"line":163,"column":0},"end":{"line":163,"column":30}},"163":{"start":{"line":164,"column":0},"end":{"line":164,"column":23}},"164":{"start":{"line":165,"column":0},"end":{"line":165,"column":15}},"165":{"start":{"line":166,"column":0},"end":{"line":166,"column":19}},"166":{"start":{"line":167,"column":0},"end":{"line":167,"column":48}},"167":{"start":{"line":168,"column":0},"end":{"line":168,"column":99}},"168":{"start":{"line":169,"column":0},"end":{"line":169,"column":12}},"169":{"start":{"line":170,"column":0},"end":{"line":170,"column":14}},"170":{"start":{"line":171,"column":0},"end":{"line":171,"column":0}},"171":{"start":{"line":172,"column":0},"end":{"line":172,"column":13}},"172":{"start":{"line":173,"column":0},"end":{"line":173,"column":91}},"173":{"start":{"line":174,"column":0},"end":{"line":174,"column":77}},"174":{"start":{"line":175,"column":0},"end":{"line":175,"column":23}},"175":{"start":{"line":176,"column":0},"end":{"line":176,"column":25}},"176":{"start":{"line":177,"column":0},"end":{"line":177,"column":36}},"177":{"start":{"line":178,"column":0},"end":{"line":178,"column":38}},"178":{"start":{"line":179,"column":0},"end":{"line":179,"column":23}},"179":{"start":{"line":180,"column":0},"end":{"line":180,"column":32}},"180":{"start":{"line":181,"column":0},"end":{"line":181,"column":42}},"181":{"start":{"line":182,"column":0},"end":{"line":182,"column":52}},"182":{"start":{"line":183,"column":0},"end":{"line":183,"column":67}},"183":{"start":{"line":184,"column":0},"end":{"line":184,"column":34}},"184":{"start":{"line":185,"column":0},"end":{"line":185,"column":28}},"185":{"start":{"line":186,"column":0},"end":{"line":186,"column":48}},"186":{"start":{"line":187,"column":0},"end":{"line":187,"column":48}},"187":{"start":{"line":188,"column":0},"end":{"line":188,"column":33}},"188":{"start":{"line":189,"column":0},"end":{"line":189,"column":20}},"189":{"start":{"line":190,"column":0},"end":{"line":190,"column":18}},"190":{"start":{"line":191,"column":0},"end":{"line":191,"column":16}},"191":{"start":{"line":192,"column":0},"end":{"line":192,"column":14}},"192":{"start":{"line":193,"column":0},"end":{"line":193,"column":16}},"193":{"start":{"line":194,"column":0},"end":{"line":194,"column":42}},"194":{"start":{"line":195,"column":0},"end":{"line":195,"column":93}},"195":{"start":{"line":196,"column":0},"end":{"line":196,"column":12}},"196":{"start":{"line":197,"column":0},"end":{"line":197,"column":14}},"197":{"start":{"line":198,"column":0},"end":{"line":198,"column":0}},"198":{"start":{"line":199,"column":0},"end":{"line":199,"column":13}},"199":{"start":{"line":200,"column":0},"end":{"line":200,"column":74}},"200":{"start":{"line":201,"column":0},"end":{"line":201,"column":26}},"201":{"start":{"line":202,"column":0},"end":{"line":202,"column":18}},"202":{"start":{"line":203,"column":0},"end":{"line":203,"column":16}},"203":{"start":{"line":204,"column":0},"end":{"line":204,"column":46}},"204":{"start":{"line":205,"column":0},"end":{"line":205,"column":45}},"205":{"start":{"line":206,"column":0},"end":{"line":206,"column":128}},"206":{"start":{"line":207,"column":0},"end":{"line":207,"column":12}},"207":{"start":{"line":208,"column":0},"end":{"line":208,"column":14}},"208":{"start":{"line":209,"column":0},"end":{"line":209,"column":0}},"209":{"start":{"line":210,"column":0},"end":{"line":210,"column":13}},"210":{"start":{"line":211,"column":0},"end":{"line":211,"column":74}},"211":{"start":{"line":212,"column":0},"end":{"line":212,"column":29}},"212":{"start":{"line":213,"column":0},"end":{"line":213,"column":18}},"213":{"start":{"line":214,"column":0},"end":{"line":214,"column":16}},"214":{"start":{"line":215,"column":0},"end":{"line":215,"column":51}},"215":{"start":{"line":216,"column":0},"end":{"line":216,"column":43}},"216":{"start":{"line":217,"column":0},"end":{"line":217,"column":128}},"217":{"start":{"line":218,"column":0},"end":{"line":218,"column":12}},"218":{"start":{"line":219,"column":0},"end":{"line":219,"column":14}},"219":{"start":{"line":220,"column":0},"end":{"line":220,"column":0}},"220":{"start":{"line":221,"column":0},"end":{"line":221,"column":36}},"221":{"start":{"line":222,"column":0},"end":{"line":222,"column":17}},"222":{"start":{"line":223,"column":0},"end":{"line":223,"column":25}},"223":{"start":{"line":224,"column":0},"end":{"line":224,"column":75}},"224":{"start":{"line":225,"column":0},"end":{"line":225,"column":137}},"225":{"start":{"line":226,"column":0},"end":{"line":226,"column":11}},"226":{"start":{"line":227,"column":0},"end":{"line":227,"column":84}},"227":{"start":{"line":228,"column":0},"end":{"line":228,"column":19}},"228":{"start":{"line":229,"column":0},"end":{"line":229,"column":20}},"229":{"start":{"line":230,"column":0},"end":{"line":230,"column":19}},"230":{"start":{"line":231,"column":0},"end":{"line":231,"column":27}},"231":{"start":{"line":232,"column":0},"end":{"line":232,"column":58}},"232":{"start":{"line":233,"column":0},"end":{"line":233,"column":89}},"233":{"start":{"line":234,"column":0},"end":{"line":234,"column":13}},"234":{"start":{"line":235,"column":0},"end":{"line":235,"column":51}},"235":{"start":{"line":236,"column":0},"end":{"line":236,"column":21}},"236":{"start":{"line":237,"column":0},"end":{"line":237,"column":12}},"237":{"start":{"line":238,"column":0},"end":{"line":238,"column":17}},"238":{"start":{"line":239,"column":0},"end":{"line":239,"column":25}},"239":{"start":{"line":240,"column":0},"end":{"line":240,"column":30}},"240":{"start":{"line":241,"column":0},"end":{"line":241,"column":88}},"241":{"start":{"line":242,"column":0},"end":{"line":242,"column":11}},"242":{"start":{"line":243,"column":0},"end":{"line":243,"column":17}},"243":{"start":{"line":244,"column":0},"end":{"line":244,"column":19}},"244":{"start":{"line":245,"column":0},"end":{"line":245,"column":14}},"245":{"start":{"line":246,"column":0},"end":{"line":246,"column":0}},"246":{"start":{"line":247,"column":0},"end":{"line":247,"column":64}},"247":{"start":{"line":248,"column":0},"end":{"line":248,"column":48}},"248":{"start":{"line":249,"column":0},"end":{"line":249,"column":50}},"249":{"start":{"line":250,"column":0},"end":{"line":250,"column":44}},"250":{"start":{"line":251,"column":0},"end":{"line":251,"column":53}},"251":{"start":{"line":252,"column":0},"end":{"line":252,"column":46}},"252":{"start":{"line":253,"column":0},"end":{"line":253,"column":31}},"253":{"start":{"line":254,"column":0},"end":{"line":254,"column":16}},"254":{"start":{"line":255,"column":0},"end":{"line":255,"column":10}},"255":{"start":{"line":256,"column":0},"end":{"line":256,"column":0}},"256":{"start":{"line":257,"column":0},"end":{"line":257,"column":33}},"257":{"start":{"line":258,"column":0},"end":{"line":258,"column":32}},"258":{"start":{"line":259,"column":0},"end":{"line":259,"column":50}},"259":{"start":{"line":260,"column":0},"end":{"line":260,"column":16}},"260":{"start":{"line":261,"column":0},"end":{"line":261,"column":10}},"261":{"start":{"line":262,"column":0},"end":{"line":262,"column":13}},"262":{"start":{"line":263,"column":0},"end":{"line":263,"column":10}},"263":{"start":{"line":264,"column":0},"end":{"line":264,"column":3}},"264":{"start":{"line":265,"column":0},"end":{"line":265,"column":1}}},"s":{"0":1,"1":1,"2":1,"3":1,"4":1,"5":1,"6":1,"7":1,"8":1,"9":1,"10":1,"11":1,"12":1,"13":1,"14":1,"15":1,"16":1,"17":1,"18":1,"19":1,"20":1,"21":1,"22":1,"23":1,"24":14,"25":14,"26":14,"27":14,"28":14,"29":14,"30":5,"31":5,"32":5,"33":14,"34":14,"35":14,"36":14,"37":14,"38":14,"39":14,"40":14,"41":14,"42":14,"43":14,"44":14,"45":14,"46":14,"47":5,"48":1,"49":1,"50":1,"51":1,"52":1,"53":1,"54":1,"55":1,"56":14,"57":14,"58":14,"59":14,"60":0,"61":0,"62":0,"63":0,"64":0,"65":0,"66":0,"67":0,"68":0,"69":0,"70":0,"71":0,"72":14,"73":0,"74":0,"75":14,"76":14,"77":14,"78":14,"79":0,"80":0,"81":0,"82":0,"83":0,"84":0,"85":0,"86":0,"87":0,"88":0,"89":0,"90":0,"91":0,"92":14,"93":0,"94":0,"95":14,"96":14,"97":14,"98":0,"99":0,"100":0,"101":0,"102":0,"103":0,"104":0,"105":0,"106":0,"107":0,"108":0,"109":0,"110":0,"111":0,"112":0,"113":0,"114":0,"115":0,"116":0,"117":14,"118":14,"119":14,"120":14,"121":14,"122":14,"123":14,"124":14,"125":14,"126":14,"127":14,"128":14,"129":14,"130":14,"131":14,"132":14,"133":14,"134":14,"135":14,"136":14,"137":14,"138":14,"139":14,"140":14,"141":14,"142":14,"143":14,"144":14,"145":14,"146":14,"147":14,"148":14,"149":1,"150":14,"151":14,"152":14,"153":14,"154":14,"155":14,"156":14,"157":14,"158":14,"159":14,"160":14,"161":3,"162":3,"163":3,"164":14,"165":14,"166":14,"167":1,"168":14,"169":14,"170":14,"171":14,"172":14,"173":14,"174":14,"175":14,"176":14,"177":14,"178":14,"179":14,"180":14,"181":14,"182":14,"183":14,"184":14,"185":14,"186":14,"187":14,"188":14,"189":14,"190":14,"191":14,"192":14,"193":14,"194":1,"195":14,"196":14,"197":14,"198":14,"199":14,"200":14,"201":14,"202":14,"203":14,"204":14,"205":14,"206":14,"207":14,"208":14,"209":14,"210":14,"211":14,"212":14,"213":14,"214":14,"215":14,"216":14,"217":14,"218":14,"219":14,"220":14,"221":14,"222":14,"223":14,"224":14,"225":14,"226":14,"227":14,"228":14,"229":3,"230":3,"231":3,"232":3,"233":3,"234":3,"235":3,"236":14,"237":14,"238":14,"239":14,"240":14,"241":14,"242":14,"243":14,"244":14,"245":14,"246":14,"247":0,"248":0,"249":0,"250":0,"251":0,"252":0,"253":0,"254":14,"255":14,"256":14,"257":0,"258":0,"259":0,"260":14,"261":14,"262":14,"263":14,"264":14},"branchMap":{"0":{"type":"branch","line":25,"loc":{"start":{"line":25,"column":0},"end":{"line":265,"column":1}},"locations":[{"start":{"line":25,"column":0},"end":{"line":265,"column":1}}]},"1":{"type":"branch","line":39,"loc":{"start":{"line":39,"column":12},"end":{"line":39,"column":26}},"locations":[{"start":{"line":39,"column":12},"end":{"line":39,"column":26}}]},"2":{"type":"branch","line":39,"loc":{"start":{"line":39,"column":18},"end":{"line":39,"column":29}},"locations":[{"start":{"line":39,"column":18},"end":{"line":39,"column":29}}]},"3":{"type":"branch","line":40,"loc":{"start":{"line":40,"column":18},"end":{"line":40,"column":38}},"locations":[{"start":{"line":40,"column":18},"end":{"line":40,"column":38}}]},"4":{"type":"branch","line":40,"loc":{"start":{"line":40,"column":24},"end":{"line":40,"column":41}},"locations":[{"start":{"line":40,"column":24},"end":{"line":40,"column":41}}]},"5":{"type":"branch","line":41,"loc":{"start":{"line":41,"column":12},"end":{"line":41,"column":26}},"locations":[{"start":{"line":41,"column":12},"end":{"line":41,"column":26}}]},"6":{"type":"branch","line":41,"loc":{"start":{"line":41,"column":18},"end":{"line":41,"column":29}},"locations":[{"start":{"line":41,"column":18},"end":{"line":41,"column":29}}]},"7":{"type":"branch","line":42,"loc":{"start":{"line":42,"column":20},"end":{"line":42,"column":39}},"locations":[{"start":{"line":42,"column":20},"end":{"line":42,"column":39}}]},"8":{"type":"branch","line":42,"loc":{"start":{"line":42,"column":48},"end":{"line":42,"column":56}},"locations":[{"start":{"line":42,"column":48},"end":{"line":42,"column":56}}]},"9":{"type":"branch","line":43,"loc":{"start":{"line":43,"column":25},"end":{"line":43,"column":49}},"locations":[{"start":{"line":43,"column":25},"end":{"line":43,"column":49}}]},"10":{"type":"branch","line":43,"loc":{"start":{"line":43,"column":58},"end":{"line":43,"column":66}},"locations":[{"start":{"line":43,"column":58},"end":{"line":43,"column":66}}]},"11":{"type":"branch","line":140,"loc":{"start":{"line":140,"column":46},"end":{"line":140,"column":64}},"locations":[{"start":{"line":140,"column":46},"end":{"line":140,"column":64}}]},"12":{"type":"branch","line":140,"loc":{"start":{"line":140,"column":53},"end":{"line":140,"column":73}},"locations":[{"start":{"line":140,"column":53},"end":{"line":140,"column":73}}]},"13":{"type":"branch","line":149,"loc":{"start":{"line":149,"column":33},"end":{"line":150,"column":93}},"locations":[{"start":{"line":149,"column":33},"end":{"line":150,"column":93}}]},"14":{"type":"branch","line":161,"loc":{"start":{"line":161,"column":13},"end":{"line":161,"column":27}},"locations":[{"start":{"line":161,"column":13},"end":{"line":161,"column":27}}]},"15":{"type":"branch","line":167,"loc":{"start":{"line":167,"column":33},"end":{"line":168,"column":99}},"locations":[{"start":{"line":167,"column":33},"end":{"line":168,"column":99}}]},"16":{"type":"branch","line":194,"loc":{"start":{"line":194,"column":33},"end":{"line":195,"column":93}},"locations":[{"start":{"line":194,"column":33},"end":{"line":195,"column":93}}]},"17":{"type":"branch","line":227,"loc":{"start":{"line":227,"column":56},"end":{"line":227,"column":79}},"locations":[{"start":{"line":227,"column":56},"end":{"line":227,"column":79}}]},"18":{"type":"branch","line":229,"loc":{"start":{"line":229,"column":11},"end":{"line":236,"column":21}},"locations":[{"start":{"line":229,"column":11},"end":{"line":236,"column":21}}]},"19":{"type":"branch","line":235,"loc":{"start":{"line":235,"column":15},"end":{"line":235,"column":43}},"locations":[{"start":{"line":235,"column":15},"end":{"line":235,"column":43}}]},"20":{"type":"branch","line":247,"loc":{"start":{"line":247,"column":51},"end":{"line":254,"column":16}},"locations":[{"start":{"line":247,"column":51},"end":{"line":254,"column":16}}]},"21":{"type":"branch","line":257,"loc":{"start":{"line":257,"column":9},"end":{"line":257,"column":33}},"locations":[{"start":{"line":257,"column":9},"end":{"line":257,"column":33}}]},"22":{"type":"branch","line":257,"loc":{"start":{"line":257,"column":17},"end":{"line":260,"column":16}},"locations":[{"start":{"line":257,"column":17},"end":{"line":260,"column":16}}]},"23":{"type":"branch","line":30,"loc":{"start":{"line":30,"column":13},"end":{"line":33,"column":6}},"locations":[{"start":{"line":30,"column":13},"end":{"line":33,"column":6}}]},"24":{"type":"branch","line":47,"loc":{"start":{"line":47,"column":12},"end":{"line":57,"column":5}},"locations":[{"start":{"line":47,"column":12},"end":{"line":57,"column":5}}]},"25":{"type":"branch","line":48,"loc":{"start":{"line":48,"column":14},"end":{"line":56,"column":5}},"locations":[{"start":{"line":48,"column":14},"end":{"line":56,"column":5}}]},"26":{"type":"branch","line":161,"loc":{"start":{"line":161,"column":27},"end":{"line":164,"column":23}},"locations":[{"start":{"line":161,"column":27},"end":{"line":164,"column":23}}]},"27":{"type":"branch","line":178,"loc":{"start":{"line":178,"column":22},"end":{"line":190,"column":18}},"locations":[{"start":{"line":178,"column":22},"end":{"line":190,"column":18}}]},"28":{"type":"branch","line":182,"loc":{"start":{"line":182,"column":31},"end":{"line":182,"column":52}},"locations":[{"start":{"line":182,"column":31},"end":{"line":182,"column":52}}]}},"b":{"0":[14],"1":[3],"2":[11],"3":[3],"4":[11],"5":[3],"6":[11],"7":[3],"8":[11],"9":[3],"10":[11],"11":[3],"12":[11],"13":[1],"14":[3],"15":[1],"16":[1],"17":[0],"18":[3],"19":[0],"20":[0],"21":[3],"22":[0],"23":[5],"24":[5],"25":[1],"26":[3],"27":[14],"28":[11]},"fnMap":{"0":{"name":"CardEditor","decl":{"start":{"line":25,"column":0},"end":{"line":265,"column":1}},"loc":{"start":{"line":25,"column":0},"end":{"line":265,"column":1}},"line":25},"1":{"name":"queryFn","decl":{"start":{"line":30,"column":13},"end":{"line":33,"column":6}},"loc":{"start":{"line":30,"column":13},"end":{"line":33,"column":6}},"line":30},"2":{"name":"mutationFn","decl":{"start":{"line":60,"column":16},"end":{"line":72,"column":6}},"loc":{"start":{"line":60,"column":16},"end":{"line":72,"column":6}},"line":60},"3":{"name":"onSuccess","decl":{"start":{"line":73,"column":15},"end":{"line":75,"column":6}},"loc":{"start":{"line":73,"column":15},"end":{"line":75,"column":6}},"line":73},"4":{"name":"mutationFn","decl":{"start":{"line":79,"column":16},"end":{"line":92,"column":6}},"loc":{"start":{"line":79,"column":16},"end":{"line":92,"column":6}},"line":79},"5":{"name":"onSuccess","decl":{"start":{"line":93,"column":15},"end":{"line":95,"column":6}},"loc":{"start":{"line":93,"column":15},"end":{"line":95,"column":6}},"line":93},"6":{"name":"onSubmit","decl":{"start":{"line":98,"column":19},"end":{"line":117,"column":3}},"loc":{"start":{"line":98,"column":19},"end":{"line":117,"column":3}},"line":98},"7":{"name":"render","decl":{"start":{"line":178,"column":22},"end":{"line":190,"column":18}},"loc":{"start":{"line":178,"column":22},"end":{"line":190,"column":18}},"line":178},"8":{"name":"onChange","decl":{"start":{"line":183,"column":28},"end":{"line":183,"column":67}},"loc":{"start":{"line":183,"column":28},"end":{"line":183,"column":67}},"line":183},"9":{"name":"onClick","decl":{"start":{"line":232,"column":23},"end":{"line":232,"column":58}},"loc":{"start":{"line":232,"column":23},"end":{"line":232,"column":58}},"line":232}},"f":{"0":14,"1":5,"2":0,"3":0,"4":0,"5":0,"6":0,"7":14,"8":0,"9":0}}
,"/Users/takahiko_tsunoda/work/dev/work_BI/frontend/src/components/card/CardList.tsx": {"path":"/Users/takahiko_tsunoda/work/dev/work_BI/frontend/src/components/card/CardList.tsx","all":false,"statementMap":{"0":{"start":{"line":1,"column":0},"end":{"line":1,"column":61}},"1":{"start":{"line":2,"column":0},"end":{"line":2,"column":0}},"2":{"start":{"line":3,"column":0},"end":{"line":3,"column":25}},"3":{"start":{"line":4,"column":0},"end":{"line":4,"column":15}},"4":{"start":{"line":5,"column":0},"end":{"line":5,"column":30}},"5":{"start":{"line":6,"column":0},"end":{"line":6,"column":37}},"6":{"start":{"line":7,"column":0},"end":{"line":7,"column":45}},"7":{"start":{"line":8,"column":0},"end":{"line":8,"column":38}},"8":{"start":{"line":9,"column":0},"end":{"line":9,"column":1}},"9":{"start":{"line":10,"column":0},"end":{"line":10,"column":0}},"10":{"start":{"line":11,"column":0},"end":{"line":11,"column":104}},"11":{"start":{"line":12,"column":0},"end":{"line":12,"column":27}},"12":{"start":{"line":13,"column":0},"end":{"line":13,"column":12}},"13":{"start":{"line":14,"column":0},"end":{"line":14,"column":85}},"14":{"start":{"line":15,"column":0},"end":{"line":15,"column":18}},"15":{"start":{"line":16,"column":0},"end":{"line":16,"column":12}},"16":{"start":{"line":17,"column":0},"end":{"line":17,"column":5}},"17":{"start":{"line":18,"column":0},"end":{"line":18,"column":3}},"18":{"start":{"line":19,"column":0},"end":{"line":19,"column":0}},"19":{"start":{"line":20,"column":0},"end":{"line":20,"column":10}},"20":{"start":{"line":21,"column":0},"end":{"line":21,"column":9}},"21":{"start":{"line":22,"column":0},"end":{"line":22,"column":81}},"22":{"start":{"line":23,"column":0},"end":{"line":23,"column":30}},"23":{"start":{"line":24,"column":0},"end":{"line":24,"column":14}},"24":{"start":{"line":25,"column":0},"end":{"line":25,"column":30}},"25":{"start":{"line":26,"column":0},"end":{"line":26,"column":91}},"26":{"start":{"line":27,"column":0},"end":{"line":27,"column":11}},"27":{"start":{"line":28,"column":0},"end":{"line":28,"column":67}},"28":{"start":{"line":29,"column":0},"end":{"line":29,"column":68}},"29":{"start":{"line":30,"column":0},"end":{"line":30,"column":42}},"30":{"start":{"line":31,"column":0},"end":{"line":31,"column":23}},"31":{"start":{"line":32,"column":0},"end":{"line":32,"column":46}},"32":{"start":{"line":33,"column":0},"end":{"line":33,"column":75}},"33":{"start":{"line":34,"column":0},"end":{"line":34,"column":17}},"34":{"start":{"line":35,"column":0},"end":{"line":35,"column":20}},"35":{"start":{"line":36,"column":0},"end":{"line":36,"column":25}},"36":{"start":{"line":37,"column":0},"end":{"line":37,"column":23}},"37":{"start":{"line":38,"column":0},"end":{"line":38,"column":56}},"38":{"start":{"line":39,"column":0},"end":{"line":39,"column":69}},"39":{"start":{"line":40,"column":0},"end":{"line":40,"column":17}},"40":{"start":{"line":41,"column":0},"end":{"line":41,"column":20}},"41":{"start":{"line":42,"column":0},"end":{"line":42,"column":25}},"42":{"start":{"line":43,"column":0},"end":{"line":43,"column":20}},"43":{"start":{"line":44,"column":0},"end":{"line":44,"column":18}},"44":{"start":{"line":45,"column":0},"end":{"line":45,"column":66}},"45":{"start":{"line":46,"column":0},"end":{"line":46,"column":50}},"46":{"start":{"line":47,"column":0},"end":{"line":47,"column":53}},"47":{"start":{"line":48,"column":0},"end":{"line":48,"column":66}},"48":{"start":{"line":49,"column":0},"end":{"line":49,"column":16}},"49":{"start":{"line":50,"column":0},"end":{"line":50,"column":77}},"50":{"start":{"line":51,"column":0},"end":{"line":51,"column":18}},"51":{"start":{"line":52,"column":0},"end":{"line":52,"column":16}},"52":{"start":{"line":53,"column":0},"end":{"line":53,"column":11}},"53":{"start":{"line":54,"column":0},"end":{"line":54,"column":12}},"54":{"start":{"line":55,"column":0},"end":{"line":55,"column":0}},"55":{"start":{"line":56,"column":0},"end":{"line":56,"column":61}},"56":{"start":{"line":57,"column":0},"end":{"line":57,"column":64}},"57":{"start":{"line":58,"column":0},"end":{"line":58,"column":17}},"58":{"start":{"line":59,"column":0},"end":{"line":59,"column":107}},"59":{"start":{"line":60,"column":0},"end":{"line":60,"column":46}},"60":{"start":{"line":61,"column":0},"end":{"line":61,"column":132}},"61":{"start":{"line":62,"column":0},"end":{"line":62,"column":11}},"62":{"start":{"line":63,"column":0},"end":{"line":63,"column":14}},"63":{"start":{"line":64,"column":0},"end":{"line":64,"column":19}},"64":{"start":{"line":65,"column":0},"end":{"line":65,"column":50}},"65":{"start":{"line":66,"column":0},"end":{"line":66,"column":111}},"66":{"start":{"line":67,"column":0},"end":{"line":67,"column":30}},"67":{"start":{"line":68,"column":0},"end":{"line":68,"column":17}},"68":{"start":{"line":69,"column":0},"end":{"line":69,"column":17}},"69":{"start":{"line":70,"column":0},"end":{"line":70,"column":94}},"70":{"start":{"line":71,"column":0},"end":{"line":71,"column":43}},"71":{"start":{"line":72,"column":0},"end":{"line":72,"column":132}},"72":{"start":{"line":73,"column":0},"end":{"line":73,"column":11}},"73":{"start":{"line":74,"column":0},"end":{"line":74,"column":14}},"74":{"start":{"line":75,"column":0},"end":{"line":75,"column":19}},"75":{"start":{"line":76,"column":0},"end":{"line":76,"column":14}},"76":{"start":{"line":77,"column":0},"end":{"line":77,"column":8}},"77":{"start":{"line":78,"column":0},"end":{"line":78,"column":10}},"78":{"start":{"line":79,"column":0},"end":{"line":79,"column":3}},"79":{"start":{"line":80,"column":0},"end":{"line":80,"column":1}}},"s":{"0":1,"1":1,"2":1,"3":1,"4":1,"5":1,"6":1,"7":1,"8":1,"9":1,"10":2,"11":2,"12":1,"13":1,"14":1,"15":1,"16":1,"17":1,"18":1,"19":1,"20":1,"21":1,"22":1,"23":1,"24":1,"25":1,"26":1,"27":1,"28":1,"29":1,"30":1,"31":1,"32":1,"33":1,"34":1,"35":1,"36":1,"37":1,"38":1,"39":1,"40":1,"41":1,"42":1,"43":1,"44":1,"45":1,"46":1,"47":1,"48":1,"49":1,"50":1,"51":1,"52":1,"53":1,"54":1,"55":2,"56":0,"57":0,"58":0,"59":0,"60":0,"61":0,"62":0,"63":0,"64":0,"65":0,"66":0,"67":0,"68":0,"69":0,"70":0,"71":0,"72":0,"73":0,"74":0,"75":0,"76":2,"77":2,"78":2,"79":2},"branchMap":{"0":{"type":"branch","line":11,"loc":{"start":{"line":11,"column":0},"end":{"line":80,"column":1}},"locations":[{"start":{"line":11,"column":0},"end":{"line":80,"column":1}}]},"1":{"type":"branch","line":12,"loc":{"start":{"line":12,"column":26},"end":{"line":56,"column":21}},"locations":[{"start":{"line":12,"column":26},"end":{"line":56,"column":21}}]},"2":{"type":"branch","line":56,"loc":{"start":{"line":56,"column":7},"end":{"line":56,"column":61}},"locations":[{"start":{"line":56,"column":7},"end":{"line":56,"column":61}}]},"3":{"type":"branch","line":56,"loc":{"start":{"line":56,"column":51},"end":{"line":76,"column":14}},"locations":[{"start":{"line":56,"column":51},"end":{"line":76,"column":14}}]},"4":{"type":"branch","line":23,"loc":{"start":{"line":23,"column":19},"end":{"line":52,"column":16}},"locations":[{"start":{"line":23,"column":19},"end":{"line":52,"column":16}}]}},"b":{"0":[2],"1":[1],"2":[0],"3":[0],"4":[1]},"fnMap":{"0":{"name":"CardList","decl":{"start":{"line":11,"column":0},"end":{"line":80,"column":1}},"loc":{"start":{"line":11,"column":0},"end":{"line":80,"column":1}},"line":11},"1":{"name":"onClick","decl":{"start":{"line":32,"column":27},"end":{"line":32,"column":46}},"loc":{"start":{"line":32,"column":27},"end":{"line":32,"column":46}},"line":32},"2":{"name":"onClick","decl":{"start":{"line":38,"column":27},"end":{"line":38,"column":56}},"loc":{"start":{"line":38,"column":27},"end":{"line":38,"column":56}},"line":38},"3":{"name":"onClick","decl":{"start":{"line":59,"column":21},"end":{"line":59,"column":107}},"loc":{"start":{"line":59,"column":21},"end":{"line":59,"column":107}},"line":59},"4":{"name":"onClick","decl":{"start":{"line":70,"column":21},"end":{"line":70,"column":94}},"loc":{"start":{"line":70,"column":21},"end":{"line":70,"column":94}},"line":70}},"f":{"0":2,"1":0,"2":0,"3":0,"4":0}}
[...]
64,"column":3}},"locations":[{"start":{"line":62,"column":17},"end":{"line":64,"column":3}}]},"2":{"type":"branch","line":64,"loc":{"start":{"line":64,"column":2},"end":{"line":66,"column":13}},"locations":[{"start":{"line":64,"column":2},"end":{"line":66,"column":13}}]},"3":{"type":"branch","line":66,"loc":{"start":{"line":66,"column":13},"end":{"line":68,"column":3}},"locations":[{"start":{"line":66,"column":13},"end":{"line":68,"column":3}}]},"4":{"type":"branch","line":68,"loc":{"start":{"line":68,"column":2},"end":{"line":95,"column":22}},"locations":[{"start":{"line":68,"column":2},"end":{"line":95,"column":22}}]},"5":{"type":"branch","line":95,"loc":{"start":{"line":95,"column":8},"end":{"line":95,"column":44}},"locations":[{"start":{"line":95,"column":8},"end":{"line":95,"column":44}}]},"6":{"type":"branch","line":95,"loc":{"start":{"line":95,"column":22},"end":{"line":102,"column":14}},"locations":[{"start":{"line":95,"column":22},"end":{"line":102,"column":14}}]},"7":{"type":"branch","line":106,"loc":{"start":{"line":106,"column":20},"end":{"line":106,"column":34}},"locations":[{"start":{"line":106,"column":20},"end":{"line":106,"column":34}}]},"8":{"type":"branch","line":106,"loc":{"start":{"line":106,"column":26},"end":{"line":106,"column":37}},"locations":[{"start":{"line":106,"column":26},"end":{"line":106,"column":37}}]},"9":{"type":"branch","line":109,"loc":{"start":{"line":109,"column":20},"end":{"line":109,"column":37}},"locations":[{"start":{"line":109,"column":20},"end":{"line":109,"column":37}}]},"10":{"type":"branch","line":17,"loc":{"start":{"line":17,"column":13},"end":{"line":24,"column":6}},"locations":[{"start":{"line":17,"column":13},"end":{"line":24,"column":6}}]},"11":{"type":"branch","line":21,"loc":{"start":{"line":21,"column":11},"end":{"line":21,"column":36}},"locations":[{"start":{"line":21,"column":11},"end":{"line":21,"column":36}}]},"12":{"type":"branch","line":22,"loc":{"start":{"line":22,"column":7},"end":{"line":23,"column":21}},"locations":[{"start":{"line":22,"column":7},"end":{"line":23,"column":21}}]},"13":{"type":"branch","line":28,"loc":{"start":{"line":28,"column":16},"end":{"line":30,"column":6}},"locations":[{"start":{"line":28,"column":16},"end":{"line":30,"column":6}}]},"14":{"type":"branch","line":31,"loc":{"start":{"line":31,"column":15},"end":{"line":33,"column":6}},"locations":[{"start":{"line":31,"column":15},"end":{"line":33,"column":6}}]},"15":{"type":"branch","line":36,"loc":{"start":{"line":36,"column":23},"end":{"line":40,"column":3}},"locations":[{"start":{"line":36,"column":23},"end":{"line":40,"column":3}}]},"16":{"type":"branch","line":42,"loc":{"start":{"line":42,"column":21},"end":{"line":45,"column":3}},"locations":[{"start":{"line":42,"column":21},"end":{"line":45,"column":3}}]},"17":{"type":"branch","line":47,"loc":{"start":{"line":47,"column":23},"end":{"line":50,"column":3}},"locations":[{"start":{"line":47,"column":23},"end":{"line":50,"column":3}}]},"18":{"type":"branch","line":52,"loc":{"start":{"line":52,"column":28},"end":{"line":55,"column":3}},"locations":[{"start":{"line":52,"column":28},"end":{"line":55,"column":3}}]},"19":{"type":"branch","line":87,"loc":{"start":{"line":87,"column":20},"end":{"line":90,"column":12}},"locations":[{"start":{"line":87,"column":20},"end":{"line":90,"column":12}}]}},"b":{"0":[20],"1":[8],"2":[12],"3":[0],"4":[12],"5":[10],"6":[3],"7":[12],"8":[0],"9":[12],"10":[9],"11":[8],"12":[8],"13":[1],"14":[1],"15":[1],"16":[1],"17":[2],"18":[1],"19":[1]},"fnMap":{"0":{"name":"TransformListPage","decl":{"start":{"line":7,"column":0},"end":{"line":114,"column":1}},"loc":{"start":{"line":7,"column":0},"end":{"line":114,"column":1}},"line":7},"1":{"name":"queryFn","decl":{"start":{"line":17,"column":13},"end":{"line":24,"column":6}},"loc":{"start":{"line":17,"column":13},"end":{"line":24,"column":6}},"line":17},"2":{"name":"mutationFn","decl":{"start":{"line":28,"column":16},"end":{"line":30,"column":6}},"loc":{"start":{"line":28,"column":16},"end":{"line":30,"column":6}},"line":28},"3":{"name":"onSuccess","decl":{"start":{"line":31,"column":15},"end":{"line":33,"column":6}},"loc":{"start":{"line":31,"column":15},"end":{"line":33,"column":6}},"line":31},"4":{"name":"handleDelete","decl":{"start":{"line":36,"column":23},"end":{"line":40,"column":3}},"loc":{"start":{"line":36,"column":23},"end":{"line":40,"column":3}},"line":36},"5":{"name":"handleEdit","decl":{"start":{"line":42,"column":21},"end":{"line":45,"column":3}},"loc":{"start":{"line":42,"column":21},"end":{"line":45,"column":3}},"line":42},"6":{"name":"handleCreate","decl":{"start":{"line":47,"column":23},"end":{"line":50,"column":3}},"loc":{"start":{"line":47,"column":23},"end":{"line":50,"column":3}},"line":47},"7":{"name":"handleCloseEditor","decl":{"start":{"line":52,"column":28},"end":{"line":55,"column":3}},"loc":{"start":{"line":52,"column":28},"end":{"line":55,"column":3}},"line":52},"8":{"name":"handleSave","decl":{"start":{"line":57,"column":21},"end":{"line":60,"column":3}},"loc":{"start":{"line":57,"column":21},"end":{"line":60,"column":3}},"line":57},"9":{"name":"onChange","decl":{"start":{"line":87,"column":20},"end":{"line":90,"column":12}},"loc":{"start":{"line":87,"column":20},"end":{"line":90,"column":12}},"line":87}},"f":{"0":20,"1":9,"2":1,"3":1,"4":1,"5":1,"6":2,"7":1,"8":0,"9":1}}
,"/Users/takahiko_tsunoda/work/dev/work_BI/frontend/src/stores/auth.ts": {"path":"/Users/takahiko_tsunoda/work/dev/work_BI/frontend/src/stores/auth.ts","all":false,"statementMap":{"0":{"start":{"line":1,"column":0},"end":{"line":1,"column":32}},"1":{"start":{"line":2,"column":0},"end":{"line":2,"column":41}},"2":{"start":{"line":3,"column":0},"end":{"line":3,"column":0}},"3":{"start":{"line":4,"column":0},"end":{"line":4,"column":21}},"4":{"start":{"line":5,"column":0},"end":{"line":5,"column":22}},"5":{"start":{"line":6,"column":0},"end":{"line":6,"column":27}},"6":{"start":{"line":7,"column":0},"end":{"line":7,"column":42}},"7":{"start":{"line":8,"column":0},"end":{"line":8,"column":46}},"8":{"start":{"line":9,"column":0},"end":{"line":9,"column":23}},"9":{"start":{"line":10,"column":0},"end":{"line":10,"column":32}},"10":{"start":{"line":11,"column":0},"end":{"line":11,"column":1}},"11":{"start":{"line":12,"column":0},"end":{"line":12,"column":0}},"12":{"start":{"line":13,"column":0},"end":{"line":13,"column":62}},"13":{"start":{"line":14,"column":0},"end":{"line":14,"column":44}},"14":{"start":{"line":15,"column":0},"end":{"line":15,"column":13}},"15":{"start":{"line":16,"column":0},"end":{"line":16,"column":24}},"16":{"start":{"line":17,"column":0},"end":{"line":17,"column":16}},"17":{"start":{"line":18,"column":0},"end":{"line":18,"column":47}},"18":{"start":{"line":19,"column":0},"end":{"line":19,"column":12}},"19":{"start":{"line":20,"column":0},"end":{"line":20,"column":43}},"20":{"start":{"line":21,"column":0},"end":{"line":21,"column":5}},"21":{"start":{"line":22,"column":0},"end":{"line":22,"column":18}},"22":{"start":{"line":23,"column":0},"end":{"line":23,"column":4}},"23":{"start":{"line":24,"column":0},"end":{"line":24,"column":35}},"24":{"start":{"line":25,"column":0},"end":{"line":25,"column":20}},"25":{"start":{"line":26,"column":0},"end":{"line":26,"column":41}},"26":{"start":{"line":27,"column":0},"end":{"line":27,"column":36}},"27":{"start":{"line":28,"column":0},"end":{"line":28,"column":4}},"28":{"start":{"line":29,"column":0},"end":{"line":29,"column":26}},"29":{"start":{"line":30,"column":0},"end":{"line":30,"column":24}},"30":{"start":{"line":31,"column":0},"end":{"line":31,"column":4}},"31":{"start":{"line":32,"column":0},"end":{"line":32,"column":3}}},"s":{"0":1,"1":1,"2":1,"3":1,"4":1,"5":1,"6":1,"7":1,"8":1,"9":1,"10":1,"11":1,"12":1,"13":2,"14":2,"15":2,"16":5,"17":3,"18":5,"19":2,"20":2,"21":5,"22":5,"23":2,"24":2,"25":3,"26":3,"27":3,"28":2,"29":6,"30":6,"31":1},"branchMap":{"0":{"type":"branch","line":13,"loc":{"start":{"line":13,"column":46},"end":{"line":32,"column":2}},"locations":[{"start":{"line":13,"column":46},"end":{"line":32,"column":2}}]},"1":{"type":"branch","line":16,"loc":{"start":{"line":16,"column":12},"end":{"line":23,"column":4}},"locations":[{"start":{"line":16,"column":12},"end":{"line":23,"column":4}}]},"2":{"type":"branch","line":17,"loc":{"start":{"line":17,"column":15},"end":{"line":19,"column":11}},"locations":[{"start":{"line":17,"column":15},"end":{"line":19,"column":11}}]},"3":{"type":"branch","line":19,"loc":{"start":{"line":19,"column":4},"end":{"line":21,"column":5}},"locations":[{"start":{"line":19,"column":4},"end":{"line":21,"column":5}}]},"4":{"type":"branch","line":24,"loc":{"start":{"line":24,"column":11},"end":{"line":24,"column":35}},"locations":[{"start":{"line":24,"column":11},"end":{"line":24,"column":35}}]},"5":{"type":"branch","line":25,"loc":{"start":{"line":25,"column":13},"end":{"line":28,"column":4}},"locations":[{"start":{"line":25,"column":13},"end":{"line":28,"column":4}}]},"6":{"type":"branch","line":29,"loc":{"start":{"line":29,"column":19},"end":{"line":31,"column":4}},"locations":[{"start":{"line":29,"column":19},"end":{"line":31,"column":4}}]}},"b":{"0":[2],"1":[5],"2":[3],"3":[2],"4":[4],"5":[3],"6":[6]},"fnMap":{"0":{"name":"setToken","decl":{"start":{"line":16,"column":12},"end":{"line":23,"column":4}},"loc":{"start":{"line":16,"column":12},"end":{"line":23,"column":4}},"line":16},"1":{"name":"setUser","decl":{"start":{"line":24,"column":11},"end":{"line":24,"column":35}},"loc":{"start":{"line":24,"column":11},"end":{"line":24,"column":35}},"line":24},"2":{"name":"clearAuth","decl":{"start":{"line":25,"column":13},"end":{"line":28,"column":4}},"loc":{"start":{"line":25,"column":13},"end":{"line":28,"column":4}},"line":25},"3":{"name":"isAuthenticated","decl":{"start":{"line":29,"column":19},"end":{"line":31,"column":4}},"loc":{"start":{"line":29,"column":19},"end":{"line":31,"column":4}},"line":29}},"f":{"0":5,"1":4,"2":3,"3":6}}
,"/Users/takahiko_tsunoda/work/dev/work_BI/frontend/src/test-utils/setup.ts": {"path":"/Users/takahiko_tsunoda/work/dev/work_BI/frontend/src/test-utils/setup.ts","all":false,"statementMap":{"0":{"start":{"line":1,"column":0},"end":{"line":1,"column":51}},"1":{"start":{"line":2,"column":0},"end":{"line":2,"column":59}},"2":{"start":{"line":3,"column":0},"end":{"line":3,"column":45}},"3":{"start":{"line":4,"column":0},"end":{"line":4,"column":58}},"4":{"start":{"line":5,"column":0},"end":{"line":5,"column":67}},"5":{"start":{"line":6,"column":0},"end":{"line":6,"column":73}},"6":{"start":{"line":7,"column":0},"end":{"line":7,"column":0}},"7":{"start":{"line":8,"column":0},"end":{"line":8,"column":54}},"8":{"start":{"line":9,"column":0},"end":{"line":9,"column":26}},"9":{"start":{"line":10,"column":0},"end":{"line":10,"column":21}},"10":{"start":{"line":11,"column":0},"end":{"line":11,"column":32}},"11":{"start":{"line":12,"column":0},"end":{"line":12,"column":34}},"12":{"start":{"line":13,"column":0},"end":{"line":13,"column":6}},"13":{"start":{"line":14,"column":0},"end":{"line":14,"column":4}},"14":{"start":{"line":15,"column":0},"end":{"line":15,"column":1}},"15":{"start":{"line":16,"column":0},"end":{"line":16,"column":0}},"16":{"start":{"line":17,"column":0},"end":{"line":17,"column":62}},"17":{"start":{"line":18,"column":0},"end":{"line":18,"column":66}},"18":{"start":{"line":19,"column":0},"end":{"line":19,"column":86}},"19":{"start":{"line":20,"column":0},"end":{"line":20,"column":3}},"20":{"start":{"line":21,"column":0},"end":{"line":21,"column":1}},"21":{"start":{"line":22,"column":0},"end":{"line":22,"column":0}},"22":{"start":{"line":23,"column":0},"end":{"line":23,"column":31}},"23":{"start":{"line":24,"column":0},"end":{"line":24,"column":16}},"24":{"start":{"line":25,"column":0},"end":{"line":25,"column":20}},"25":{"start":{"line":26,"column":0},"end":{"line":26,"column":17}},"26":{"start":{"line":27,"column":0},"end":{"line":27,"column":19}},"27":{"start":{"line":28,"column":0},"end":{"line":28,"column":24}},"28":{"start":{"line":29,"column":0},"end":{"line":29,"column":13}},"29":{"start":{"line":30,"column":0},"end":{"line":30,"column":19}},"30":{"start":{"line":31,"column":0},"end":{"line":31,"column":24}},"31":{"start":{"line":32,"column":0},"end":{"line":32,"column":37}},"32":{"start":{"line":33,"column":0},"end":{"line":33,"column":37}},"33":{"start":{"line":34,"column":0},"end":{"line":34,"column":1}},"34":{"start":{"line":35,"column":0},"end":{"line":35,"column":0}},"35":{"start":{"line":36,"column":0},"end":{"line":36,"column":37}},"36":{"start":{"line":37,"column":0},"end":{"line":37,"column":19}},"37":{"start":{"line":38,"column":0},"end":{"line":38,"column":23}},"38":{"start":{"line":39,"column":0},"end":{"line":39,"column":17}},"39":{"start":{"line":40,"column":0},"end":{"line":40,"column":22}},"40":{"start":{"line":41,"column":0},"end":{"line":41,"column":20}},"41":{"start":{"line":42,"column":0},"end":{"line":42,"column":13}},"42":{"start":{"line":43,"column":0},"end":{"line":43,"column":17}},"43":{"start":{"line":44,"column":0},"end":{"line":44,"column":18}},"44":{"start":{"line":45,"column":0},"end":{"line":45,"column":29}},"45":{"start":{"line":46,"column":0},"end":{"line":46,"column":25}},"46":{"start":{"line":47,"column":0},"end":{"line":47,"column":37}},"47":{"start":{"line":48,"column":0},"end":{"line":48,"column":37}},"48":{"start":{"line":49,"column":0},"end":{"line":49,"column":23}},"49":{"start":{"line":50,"column":0},"end":{"line":50,"column":23}},"50":{"start":{"line":51,"column":0},"end":{"line":51,"column":1}},"51":{"start":{"line":52,"column":0},"end":{"line":52,"column":0}},"52":{"start":{"line":53,"column":0},"end":{"line":53,"column":41}},"53":{"start":{"line":54,"column":0},"end":{"line":54,"column":21}},"54":{"start":{"line":55,"column":0},"end":{"line":55,"column":25}},"55":{"start":{"line":56,"column":0},"end":{"line":56,"column":17}},"56":{"start":{"line":57,"column":0},"end":{"line":57,"column":32}},"57":{"start":{"line":58,"column":0},"end":{"line":58,"column":28}},"58":{"start":{"line":59,"column":0},"end":{"line":59,"column":26}},"59":{"start":{"line":60,"column":0},"end":{"line":60,"column":13}},"60":{"start":{"line":61,"column":0},"end":{"line":61,"column":17}},"61":{"start":{"line":62,"column":0},"end":{"line":62,"column":37}},"62":{"start":{"line":63,"column":0},"end":{"line":63,"column":37}},"63":{"start":{"line":64,"column":0},"end":{"line":64,"column":25}},"64":{"start":{"line":65,"column":0},"end":{"line":65,"column":1}},"65":{"start":{"line":66,"column":0},"end":{"line":66,"column":0}},"66":{"start":{"line":67,"column":0},"end":{"line":67,"column":89}},"67":{"start":{"line":68,"column":0},"end":{"line":68,"column":10}},"68":{"start":{"line":69,"column":0},"end":{"line":69,"column":9}},"69":{"start":{"line":70,"column":0},"end":{"line":70,"column":78}},"70":{"start":{"line":71,"column":0},"end":{"line":71,"column":3}},"71":{"start":{"line":72,"column":0},"end":{"line":72,"column":1}},"72":{"start":{"line":73,"column":0},"end":{"line":73,"column":0}},"73":{"start":{"line":74,"column":0},"end":{"line":74,"column":101}},"74":{"start":{"line":75,"column":0},"end":{"line":75,"column":10}},"75":{"start":{"line":76,"column":0},"end":{"line":76,"column":9}},"76":{"start":{"line":77,"column":0},"end":{"line":77,"column":78}},"77":{"start":{"line":78,"column":0},"end":{"line":78,"column":3}},"78":{"start":{"line":79,"column":0},"end":{"line":79,"column":1}},"79":{"start":{"line":80,"column":0},"end":{"line":80,"column":0}},"80":{"start":{"line":81,"column":0},"end":{"line":81,"column":109}},"81":{"start":{"line":82,"column":0},"end":{"line":82,"column":10}},"82":{"start":{"line":83,"column":0},"end":{"line":83,"column":9}},"83":{"start":{"line":84,"column":0},"end":{"line":84,"column":78}},"84":{"start":{"line":85,"column":0},"end":{"line":85,"column":3}},"85":{"start":{"line":86,"column":0},"end":{"line":86,"column":1}},"86":{"start":{"line":87,"column":0},"end":{"line":87,"column":0}},"87":{"start":{"line":88,"column":0},"end":{"line":88,"column":50}},"88":{"start":{"line":89,"column":0},"end":{"line":89,"column":60}},"89":{"start":{"line":90,"column":0},"end":{"line":90,"column":15}},"90":{"start":{"line":91,"column":0},"end":{"line":91,"column":43}},"91":{"start":{"line":92,"column":0},"end":{"line":92,"column":3}},"92":{"start":{"line":93,"column":0},"end":{"line":93,"column":34}},"93":{"start":{"line":94,"column":0},"end":{"line":94,"column":1}}},"s":{"0":1,"1":1,"2":1,"3":1,"4":1,"5":1,"6":1,"7":1,"8":12,"9":12,"10":12,"11":12,"12":12,"13":12,"14":12,"15":1,"16":1,"17":12,"18":12,"19":12,"20":12,"21":1,"22":1,"23":1,"24":1,"25":1,"26":1,"27":1,"28":1,"29":1,"30":1,"31":1,"32":1,"33":1,"34":1,"35":1,"36":1,"37":1,"38":1,"39":1,"40":1,"41":1,"42":1,"43":1,"44":1,"45":1,"46":1,"47":1,"48":1,"49":1,"50":1,"51":1,"52":1,"53":1,"54":1,"55":1,"56":1,"57":1,"58":1,"59":1,"60":1,"61":1,"62":1,"63":1,"64":1,"65":1,"66":1,"67":2,"68":2,"69":2,"70":2,"71":2,"72":1,"73":1,"74":2,"75":2,"76":2,"77":2,"78":2,"79":1,"80":1,"81":2,"82":2,"83":2,"84":2,"85":2,"86":1,"87":1,"88":3,"89":3,"90":0,"91":0,"92":3,"93":3},"branchMap":{"0":{"type":"branch","line":8,"loc":{"start":{"line":8,"column":7},"end":{"line":15,"column":1}},"locations":[{"start":{"line":8,"column":7},"end":{"line":15,"column":1}}]},"1":{"type":"branch","line":17,"loc":{"start":{"line":17,"column":7},"end":{"line":21,"column":1}},"locations":[{"start":{"line":17,"column":7},"end":{"line":21,"column":1}}]},"2":{"type":"branch","line":18,"loc":{"start":{"line":18,"column":9},"end":{"line":20,"column":3}},"locations":[{"start":{"line":18,"column":9},"end":{"line":20,"column":3}}]},"3":{"type":"branch","line":67,"loc":{"start":{"line":67,"column":7},"end":{"line":72,"column":1}},"locations":[{"start":{"line":67,"column":7},"end":{"line":72,"column":1}}]},"4":{"type":"branch","line":74,"loc":{"start":{"line":74,"column":7},"end":{"line":79,"column":1}},"locations":[{"start":{"line":74,"column":7},"end":{"line":79,"column":1}}]},"5":{"type":"branch","line":81,"loc":{"start":{"line":81,"column":7},"end":{"line":86,"column":1}},"locations":[{"start":{"line":81,"column":7},"end":{"line":86,"column":1}}]},"6":{"type":"branch","line":88,"loc":{"start":{"line":88,"column":7},"end":{"line":94,"column":1}},"locations":[{"start":{"line":88,"column":7},"end":{"line":94,"column":1}}]},"7":{"type":"branch","line":90,"loc":{"start":{"line":90,"column":14},"end":{"line":92,"column":3}},"locations":[{"start":{"line":90,"column":14},"end":{"line":92,"column":3}}]}},"b":{"0":[12],"1":[12],"2":[12],"3":[2],"4":[2],"5":[2],"6":[3],"7":[0]},"fnMap":{"0":{"name":"createTestQueryClient","decl":{"start":{"line":8,"column":7},"end":{"line":15,"column":1}},"loc":{"start":{"line":8,"column":7},"end":{"line":15,"column":1}},"line":8},"1":{"name":"createQueryWrapper","decl":{"start":{"line":17,"column":7},"end":{"line":21,"column":1}},"loc":{"start":{"line":17,"column":7},"end":{"line":21,"column":1}},"line":17},"2":{"name":"Wrapper","decl":{"start":{"line":18,"column":9},"end":{"line":20,"column":3}},"loc":{"start":{"line":18,"column":9},"end":{"line":20,"column":3}},"line":18},"3":{"name":"createMockCardListResponse","decl":{"start":{"line":67,"column":7},"end":{"line":72,"column":1}},"loc":{"start":{"line":67,"column":7},"end":{"line":72,"column":1}},"line":67},"4":{"name":"createMockDatasetListResponse","decl":{"start":{"line":74,"column":7},"end":{"line":79,"column":1}},"loc":{"start":{"line":74,"column":7},"end":{"line":79,"column":1}},"line":74},"5":{"name":"createMockTransformListResponse","decl":{"start":{"line":81,"column":7},"end":{"line":86,"column":1}},"loc":{"start":{"line":81,"column":7},"end":{"line":86,"column":1}},"line":81},"6":{"name":"getFileInput","decl":{"start":{"line":88,"column":7},"end":{"line":94,"column":1}},"loc":{"start":{"line":88,"column":7},"end":{"line":94,"column":1}},"line":88}},"f":{"0":12,"1":12,"2":12,"3":2,"4":2,"5":2,"6":3}}
}
